----->>> testing ---- leaf: 750, gauss number: 3750 <<<-------
step1.train triphone model ...
2 minutes and 8 seconds for training with leaf: 750, gauss: 3750. total: 128 seconds.
step2.make graph...
step3.decode...
5 minutes and 53 seconds for decoding with leaf: 750, gauss: 3750. total: 353 seconds.
step4.scoring...
local/score_words.sh data/test_words exp/word/tri_3750.750/graph exp/word/tri_3750.750/decode_test
local/score_words.sh: scoring with word insertion penalty=0.0,0.5,1.0
step5.generate WER...
%WER 50.67 [ 793 / 1565, 91 ins, 99 del, 603 sub ] exp/word/tri_3750.750/decode_test/wer_13_0.5
---->>> finishing test cycle, delete exp/word/tri_3750.750...
----->>> testing ---- leaf: 750, gauss number: 4500 <<<-------
step1.train triphone model ...
2 minutes and 10 seconds for training with leaf: 750, gauss: 4500. total: 130 seconds.
step2.make graph...
step3.decode...
5 minutes and 54 seconds for decoding with leaf: 750, gauss: 4500. total: 354 seconds.
step4.scoring...
local/score_words.sh data/test_words exp/word/tri_4500.750/graph exp/word/tri_4500.750/decode_test
local/score_words.sh: scoring with word insertion penalty=0.0,0.5,1.0
step5.generate WER...
%WER 49.46 [ 774 / 1565, 94 ins, 80 del, 600 sub ] exp/word/tri_4500.750/decode_test/wer_10_1.0
---->>> finishing test cycle, delete exp/word/tri_4500.750...
----->>> testing ---- leaf: 750, gauss number: 5250 <<<-------
step1.train triphone model ...
2 minutes and 12 seconds for training with leaf: 750, gauss: 5250. total: 132 seconds.
step2.make graph...
step3.decode...
5 minutes and 49 seconds for decoding with leaf: 750, gauss: 5250. total: 349 seconds.
step4.scoring...
local/score_words.sh data/test_words exp/word/tri_5250.750/graph exp/word/tri_5250.750/decode_test
local/score_words.sh: scoring with word insertion penalty=0.0,0.5,1.0
step5.generate WER...
%WER 49.90 [ 781 / 1565, 106 ins, 85 del, 590 sub ] exp/word/tri_5250.750/decode_test/wer_10_1.0
---->>> finishing test cycle, delete exp/word/tri_5250.750...
----->>> testing ---- leaf: 750, gauss number: 6000 <<<-------
step1.train triphone model ...
2 minutes and 15 seconds for training with leaf: 750, gauss: 6000. total: 135 seconds.
step2.make graph...
step3.decode...
5 minutes and 57 seconds for decoding with leaf: 750, gauss: 6000. total: 357 seconds.
step4.scoring...
local/score_words.sh data/test_words exp/word/tri_6000.750/graph exp/word/tri_6000.750/decode_test
local/score_words.sh: scoring with word insertion penalty=0.0,0.5,1.0
step5.generate WER...
%WER 48.69 [ 762 / 1565, 107 ins, 79 del, 576 sub ] exp/word/tri_6000.750/decode_test/wer_11_0.5
---->>> finishing test cycle, delete exp/word/tri_6000.750...
----->>> testing ---- leaf: 750, gauss number: 6750 <<<-------
step1.train triphone model ...
2 minutes and 19 seconds for training with leaf: 750, gauss: 6750. total: 139 seconds.
step2.make graph...
step3.decode...
5 minutes and 49 seconds for decoding with leaf: 750, gauss: 6750. total: 349 seconds.
step4.scoring...
local/score_words.sh data/test_words exp/word/tri_6750.750/graph exp/word/tri_6750.750/decode_test
local/score_words.sh: scoring with word insertion penalty=0.0,0.5,1.0
step5.generate WER...
%WER 47.92 [ 750 / 1565, 97 ins, 86 del, 567 sub ] exp/word/tri_6750.750/decode_test/wer_11_1.0
---->>> finishing test cycle, delete exp/word/tri_6750.750...
----->>> testing ---- leaf: 750, gauss number: 7500 <<<-------
step1.train triphone model ...
2 minutes and 21 seconds for training with leaf: 750, gauss: 7500. total: 141 seconds.
step2.make graph...
step3.decode...
5 minutes and 48 seconds for decoding with leaf: 750, gauss: 7500. total: 348 seconds.
step4.scoring...
local/score_words.sh data/test_words exp/word/tri_7500.750/graph exp/word/tri_7500.750/decode_test
local/score_words.sh: scoring with word insertion penalty=0.0,0.5,1.0
step5.generate WER...
%WER 47.73 [ 747 / 1565, 87 ins, 104 del, 556 sub ] exp/word/tri_7500.750/decode_test/wer_13_1.0
---->>> finishing test cycle, delete exp/word/tri_7500.750...
----->>> testing ---- leaf: 750, gauss number: 8250 <<<-------
step1.train triphone model ...
2 minutes and 23 seconds for training with leaf: 750, gauss: 8250. total: 143 seconds.
step2.make graph...
step3.decode...
5 minutes and 52 seconds for decoding with leaf: 750, gauss: 8250. total: 352 seconds.
step4.scoring...
local/score_words.sh data/test_words exp/word/tri_8250.750/graph exp/word/tri_8250.750/decode_test
local/score_words.sh: scoring with word insertion penalty=0.0,0.5,1.0
step5.generate WER...
%WER 48.43 [ 758 / 1565, 105 ins, 93 del, 560 sub ] exp/word/tri_8250.750/decode_test/wer_11_1.0
---->>> finishing test cycle, delete exp/word/tri_8250.750...
----->>> testing ---- leaf: 750, gauss number: 9000 <<<-------
step1.train triphone model ...
2 minutes and 25 seconds for training with leaf: 750, gauss: 9000. total: 145 seconds.
step2.make graph...
step3.decode...
5 minutes and 55 seconds for decoding with leaf: 750, gauss: 9000. total: 355 seconds.
step4.scoring...
local/score_words.sh data/test_words exp/word/tri_9000.750/graph exp/word/tri_9000.750/decode_test
local/score_words.sh: scoring with word insertion penalty=0.0,0.5,1.0
step5.generate WER...
%WER 48.43 [ 758 / 1565, 109 ins, 75 del, 574 sub ] exp/word/tri_9000.750/decode_test/wer_10_1.0
---->>> finishing test cycle, delete exp/word/tri_9000.750...
----->>> testing ---- leaf: 750, gauss number: 9750 <<<-------
step1.train triphone model ...
2 minutes and 30 seconds for training with leaf: 750, gauss: 9750. total: 150 seconds.
step2.make graph...
step3.decode...
5 minutes and 51 seconds for decoding with leaf: 750, gauss: 9750. total: 351 seconds.
step4.scoring...
local/score_words.sh data/test_words exp/word/tri_9750.750/graph exp/word/tri_9750.750/decode_test
local/score_words.sh: scoring with word insertion penalty=0.0,0.5,1.0
step5.generate WER...
%WER 47.92 [ 750 / 1565, 104 ins, 88 del, 558 sub ] exp/word/tri_9750.750/decode_test/wer_11_1.0
---->>> finishing test cycle, delete exp/word/tri_9750.750...
----->>> testing ---- leaf: 750, gauss number: 10500 <<<-------
step1.train triphone model ...
2 minutes and 31 seconds for training with leaf: 750, gauss: 10500. total: 151 seconds.
step2.make graph...
step3.decode...
5 minutes and 52 seconds for decoding with leaf: 750, gauss: 10500. total: 352 seconds.
step4.scoring...
local/score_words.sh data/test_words exp/word/tri_10500.750/graph exp/word/tri_10500.750/decode_test
local/score_words.sh: scoring with word insertion penalty=0.0,0.5,1.0
step5.generate WER...
%WER 47.86 [ 749 / 1565, 104 ins, 76 del, 569 sub ] exp/word/tri_10500.750/decode_test/wer_10_1.0
---->>> finishing test cycle, delete exp/word/tri_10500.750...
----->>> testing ---- leaf: 750, gauss number: 11250 <<<-------
step1.train triphone model ...
2 minutes and 34 seconds for training with leaf: 750, gauss: 11250. total: 154 seconds.
step2.make graph...
step3.decode...
5 minutes and 51 seconds for decoding with leaf: 750, gauss: 11250. total: 351 seconds.
step4.scoring...
local/score_words.sh data/test_words exp/word/tri_11250.750/graph exp/word/tri_11250.750/decode_test
local/score_words.sh: scoring with word insertion penalty=0.0,0.5,1.0
step5.generate WER...
%WER 48.24 [ 755 / 1565, 101 ins, 81 del, 573 sub ] exp/word/tri_11250.750/decode_test/wer_10_1.0
---->>> finishing test cycle, delete exp/word/tri_11250.750...
----->>> testing ---- leaf: 750, gauss number: 12000 <<<-------
step1.train triphone model ...
2 minutes and 35 seconds for training with leaf: 750, gauss: 12000. total: 155 seconds.
step2.make graph...
step3.decode...
5 minutes and 53 seconds for decoding with leaf: 750, gauss: 12000. total: 353 seconds.
step4.scoring...
local/score_words.sh data/test_words exp/word/tri_12000.750/graph exp/word/tri_12000.750/decode_test
local/score_words.sh: scoring with word insertion penalty=0.0,0.5,1.0
step5.generate WER...
%WER 47.48 [ 743 / 1565, 103 ins, 77 del, 563 sub ] exp/word/tri_12000.750/decode_test/wer_10_1.0
---->>> finishing test cycle, delete exp/word/tri_12000.750...
----->>> testing ---- leaf: 750, gauss number: 12750 <<<-------
step1.train triphone model ...
2 minutes and 39 seconds for training with leaf: 750, gauss: 12750. total: 159 seconds.
step2.make graph...
step3.decode...
5 minutes and 47 seconds for decoding with leaf: 750, gauss: 12750. total: 347 seconds.
step4.scoring...
local/score_words.sh data/test_words exp/word/tri_12750.750/graph exp/word/tri_12750.750/decode_test
local/score_words.sh: scoring with word insertion penalty=0.0,0.5,1.0
step5.generate WER...
%WER 47.22 [ 739 / 1565, 111 ins, 72 del, 556 sub ] exp/word/tri_12750.750/decode_test/wer_11_0.5
---->>> finishing test cycle, delete exp/word/tri_12750.750...
----->>> testing ---- leaf: 750, gauss number: 13500 <<<-------
step1.train triphone model ...
2 minutes and 43 seconds for training with leaf: 750, gauss: 13500. total: 163 seconds.
step2.make graph...
step3.decode...
5 minutes and 56 seconds for decoding with leaf: 750, gauss: 13500. total: 356 seconds.
step4.scoring...
local/score_words.sh data/test_words exp/word/tri_13500.750/graph exp/word/tri_13500.750/decode_test
local/score_words.sh: scoring with word insertion penalty=0.0,0.5,1.0
step5.generate WER...
%WER 47.22 [ 739 / 1565, 116 ins, 69 del, 554 sub ] exp/word/tri_13500.750/decode_test/wer_10_0.5
---->>> finishing test cycle, delete exp/word/tri_13500.750...
----->>> testing ---- leaf: 750, gauss number: 14250 <<<-------
step1.train triphone model ...
2 minutes and 44 seconds for training with leaf: 750, gauss: 14250. total: 164 seconds.
step2.make graph...
step3.decode...
5 minutes and 55 seconds for decoding with leaf: 750, gauss: 14250. total: 355 seconds.
step4.scoring...
local/score_words.sh data/test_words exp/word/tri_14250.750/graph exp/word/tri_14250.750/decode_test
local/score_words.sh: scoring with word insertion penalty=0.0,0.5,1.0
step5.generate WER...
%WER 47.28 [ 740 / 1565, 91 ins, 92 del, 557 sub ] exp/word/tri_14250.750/decode_test/wer_12_1.0
---->>> finishing test cycle, delete exp/word/tri_14250.750...
----->>> testing ---- leaf: 750, gauss number: 15000 <<<-------
step1.train triphone model ...
2 minutes and 47 seconds for training with leaf: 750, gauss: 15000. total: 167 seconds.
step2.make graph...
step3.decode...
5 minutes and 53 seconds for decoding with leaf: 750, gauss: 15000. total: 353 seconds.
step4.scoring...
local/score_words.sh data/test_words exp/word/tri_15000.750/graph exp/word/tri_15000.750/decode_test
local/score_words.sh: scoring with word insertion penalty=0.0,0.5,1.0
step5.generate WER...
%WER 47.35 [ 741 / 1565, 102 ins, 80 del, 559 sub ] exp/word/tri_15000.750/decode_test/wer_12_0.5
---->>> finishing test cycle, delete exp/word/tri_15000.750...
----->>> testing ---- leaf: 900, gauss number: 4500 <<<-------
step1.train triphone model ...
2 minutes and 12 seconds for training with leaf: 900, gauss: 4500. total: 132 seconds.
step2.make graph...
step3.decode...
5 minutes and 53 seconds for decoding with leaf: 900, gauss: 4500. total: 353 seconds.
step4.scoring...
local/score_words.sh data/test_words exp/word/tri_4500.900/graph exp/word/tri_4500.900/decode_test
local/score_words.sh: scoring with word insertion penalty=0.0,0.5,1.0
step5.generate WER...
%WER 49.52 [ 775 / 1565, 129 ins, 56 del, 590 sub ] exp/word/tri_4500.900/decode_test/wer_9_0.5
---->>> finishing test cycle, delete exp/word/tri_4500.900...
----->>> testing ---- leaf: 900, gauss number: 5400 <<<-------
step1.train triphone model ...
2 minutes and 13 seconds for training with leaf: 900, gauss: 5400. total: 133 seconds.
step2.make graph...
step3.decode...
5 minutes and 56 seconds for decoding with leaf: 900, gauss: 5400. total: 356 seconds.
step4.scoring...
local/score_words.sh data/test_words exp/word/tri_5400.900/graph exp/word/tri_5400.900/decode_test
local/score_words.sh: scoring with word insertion penalty=0.0,0.5,1.0
step5.generate WER...
%WER 48.37 [ 757 / 1565, 80 ins, 96 del, 581 sub ] exp/word/tri_5400.900/decode_test/wer_12_1.0
---->>> finishing test cycle, delete exp/word/tri_5400.900...
----->>> testing ---- leaf: 900, gauss number: 6300 <<<-------
step1.train triphone model ...
2 minutes and 16 seconds for training with leaf: 900, gauss: 6300. total: 136 seconds.
step2.make graph...
step3.decode...
5 minutes and 54 seconds for decoding with leaf: 900, gauss: 6300. total: 354 seconds.
step4.scoring...
local/score_words.sh data/test_words exp/word/tri_6300.900/graph exp/word/tri_6300.900/decode_test
local/score_words.sh: scoring with word insertion penalty=0.0,0.5,1.0
step5.generate WER...
%WER 47.48 [ 743 / 1565, 94 ins, 75 del, 574 sub ] exp/word/tri_6300.900/decode_test/wer_11_1.0
---->>> finishing test cycle, delete exp/word/tri_6300.900...
----->>> testing ---- leaf: 900, gauss number: 7200 <<<-------
step1.train triphone model ...
2 minutes and 20 seconds for training with leaf: 900, gauss: 7200. total: 140 seconds.
step2.make graph...
step3.decode...
5 minutes and 55 seconds for decoding with leaf: 900, gauss: 7200. total: 355 seconds.
step4.scoring...
local/score_words.sh data/test_words exp/word/tri_7200.900/graph exp/word/tri_7200.900/decode_test
local/score_words.sh: scoring with word insertion penalty=0.0,0.5,1.0
step5.generate WER...
%WER 46.96 [ 735 / 1565, 91 ins, 83 del, 561 sub ] exp/word/tri_7200.900/decode_test/wer_11_1.0
---->>> finishing test cycle, delete exp/word/tri_7200.900...
----->>> testing ---- leaf: 900, gauss number: 8100 <<<-------
step1.train triphone model ...
2 minutes and 23 seconds for training with leaf: 900, gauss: 8100. total: 143 seconds.
step2.make graph...
step3.decode...
5 minutes and 55 seconds for decoding with leaf: 900, gauss: 8100. total: 355 seconds.
step4.scoring...
local/score_words.sh data/test_words exp/word/tri_8100.900/graph exp/word/tri_8100.900/decode_test
local/score_words.sh: scoring with word insertion penalty=0.0,0.5,1.0
step5.generate WER...
%WER 47.09 [ 737 / 1565, 85 ins, 90 del, 562 sub ] exp/word/tri_8100.900/decode_test/wer_12_1.0
---->>> finishing test cycle, delete exp/word/tri_8100.900...
----->>> testing ---- leaf: 900, gauss number: 9000 <<<-------
step1.train triphone model ...
2 minutes and 25 seconds for training with leaf: 900, gauss: 9000. total: 145 seconds.
step2.make graph...
step3.decode...
5 minutes and 52 seconds for decoding with leaf: 900, gauss: 9000. total: 352 seconds.
step4.scoring...
local/score_words.sh data/test_words exp/word/tri_9000.900/graph exp/word/tri_9000.900/decode_test
local/score_words.sh: scoring with word insertion penalty=0.0,0.5,1.0
step5.generate WER...
%WER 47.60 [ 745 / 1565, 90 ins, 96 del, 559 sub ] exp/word/tri_9000.900/decode_test/wer_13_1.0
---->>> finishing test cycle, delete exp/word/tri_9000.900...
----->>> testing ---- leaf: 900, gauss number: 9900 <<<-------
step1.train triphone model ...
2 minutes and 29 seconds for training with leaf: 900, gauss: 9900. total: 149 seconds.
step2.make graph...
step3.decode...
5 minutes and 54 seconds for decoding with leaf: 900, gauss: 9900. total: 354 seconds.
step4.scoring...
local/score_words.sh data/test_words exp/word/tri_9900.900/graph exp/word/tri_9900.900/decode_test
local/score_words.sh: scoring with word insertion penalty=0.0,0.5,1.0
step5.generate WER...
%WER 48.24 [ 755 / 1565, 96 ins, 83 del, 576 sub ] exp/word/tri_9900.900/decode_test/wer_13_0.5
---->>> finishing test cycle, delete exp/word/tri_9900.900...
----->>> testing ---- leaf: 900, gauss number: 10800 <<<-------
step1.train triphone model ...
2 minutes and 36 seconds for training with leaf: 900, gauss: 10800. total: 156 seconds.
step2.make graph...
step3.decode...
6 minutes and 1 seconds for decoding with leaf: 900, gauss: 10800. total: 361 seconds.
step4.scoring...
local/score_words.sh data/test_words exp/word/tri_10800.900/graph exp/word/tri_10800.900/decode_test
local/score_words.sh: scoring with word insertion penalty=0.0,0.5,1.0
step5.generate WER...
%WER 47.60 [ 745 / 1565, 109 ins, 73 del, 563 sub ] exp/word/tri_10800.900/decode_test/wer_12_0.5
---->>> finishing test cycle, delete exp/word/tri_10800.900...
----->>> testing ---- leaf: 900, gauss number: 11700 <<<-------
step1.train triphone model ...
2 minutes and 35 seconds for training with leaf: 900, gauss: 11700. total: 155 seconds.
step2.make graph...
step3.decode...
5 minutes and 54 seconds for decoding with leaf: 900, gauss: 11700. total: 354 seconds.
step4.scoring...
local/score_words.sh data/test_words exp/word/tri_11700.900/graph exp/word/tri_11700.900/decode_test
local/score_words.sh: scoring with word insertion penalty=0.0,0.5,1.0
step5.generate WER...
%WER 47.73 [ 747 / 1565, 109 ins, 72 del, 566 sub ] exp/word/tri_11700.900/decode_test/wer_10_1.0
---->>> finishing test cycle, delete exp/word/tri_11700.900...
----->>> testing ---- leaf: 900, gauss number: 12600 <<<-------
step1.train triphone model ...
2 minutes and 36 seconds for training with leaf: 900, gauss: 12600. total: 156 seconds.
step2.make graph...
step3.decode...
6 minutes and 4 seconds for decoding with leaf: 900, gauss: 12600. total: 364 seconds.
step4.scoring...
local/score_words.sh data/test_words exp/word/tri_12600.900/graph exp/word/tri_12600.900/decode_test
local/score_words.sh: scoring with word insertion penalty=0.0,0.5,1.0
step5.generate WER...
%WER 45.69 [ 715 / 1565, 84 ins, 86 del, 545 sub ] exp/word/tri_12600.900/decode_test/wer_12_1.0
---->>> finishing test cycle, delete exp/word/tri_12600.900...
----->>> testing ---- leaf: 900, gauss number: 13500 <<<-------
step1.train triphone model ...
2 minutes and 39 seconds for training with leaf: 900, gauss: 13500. total: 159 seconds.
step2.make graph...
step3.decode...
5 minutes and 55 seconds for decoding with leaf: 900, gauss: 13500. total: 355 seconds.
step4.scoring...
local/score_words.sh data/test_words exp/word/tri_13500.900/graph exp/word/tri_13500.900/decode_test
local/score_words.sh: scoring with word insertion penalty=0.0,0.5,1.0
step5.generate WER...
%WER 46.84 [ 733 / 1565, 111 ins, 73 del, 549 sub ] exp/word/tri_13500.900/decode_test/wer_12_0.5
---->>> finishing test cycle, delete exp/word/tri_13500.900...
----->>> testing ---- leaf: 900, gauss number: 14400 <<<-------
step1.train triphone model ...
2 minutes and 42 seconds for training with leaf: 900, gauss: 14400. total: 162 seconds.
step2.make graph...
step3.decode...
5 minutes and 56 seconds for decoding with leaf: 900, gauss: 14400. total: 356 seconds.
step4.scoring...
local/score_words.sh data/test_words exp/word/tri_14400.900/graph exp/word/tri_14400.900/decode_test
local/score_words.sh: scoring with word insertion penalty=0.0,0.5,1.0
step5.generate WER...
%WER 47.03 [ 736 / 1565, 89 ins, 84 del, 563 sub ] exp/word/tri_14400.900/decode_test/wer_12_1.0
---->>> finishing test cycle, delete exp/word/tri_14400.900...
----->>> testing ---- leaf: 900, gauss number: 15300 <<<-------
step1.train triphone model ...
2 minutes and 45 seconds for training with leaf: 900, gauss: 15300. total: 165 seconds.
step2.make graph...
step3.decode...
5 minutes and 58 seconds for decoding with leaf: 900, gauss: 15300. total: 358 seconds.
step4.scoring...
local/score_words.sh data/test_words exp/word/tri_15300.900/graph exp/word/tri_15300.900/decode_test
local/score_words.sh: scoring with word insertion penalty=0.0,0.5,1.0
step5.generate WER...
%WER 47.60 [ 745 / 1565, 97 ins, 94 del, 554 sub ] exp/word/tri_15300.900/decode_test/wer_12_1.0
---->>> finishing test cycle, delete exp/word/tri_15300.900...
----->>> testing ---- leaf: 900, gauss number: 16200 <<<-------
step1.train triphone model ...
2 minutes and 49 seconds for training with leaf: 900, gauss: 16200. total: 169 seconds.
step2.make graph...
step3.decode...
5 minutes and 54 seconds for decoding with leaf: 900, gauss: 16200. total: 354 seconds.
step4.scoring...
local/score_words.sh data/test_words exp/word/tri_16200.900/graph exp/word/tri_16200.900/decode_test
local/score_words.sh: scoring with word insertion penalty=0.0,0.5,1.0
step5.generate WER...
%WER 46.71 [ 731 / 1565, 93 ins, 95 del, 543 sub ] exp/word/tri_16200.900/decode_test/wer_12_1.0
---->>> finishing test cycle, delete exp/word/tri_16200.900...
----->>> testing ---- leaf: 900, gauss number: 17100 <<<-------
step1.train triphone model ...
2 minutes and 50 seconds for training with leaf: 900, gauss: 17100. total: 170 seconds.
step2.make graph...
step3.decode...
6 minutes and 0 seconds for decoding with leaf: 900, gauss: 17100. total: 360 seconds.
step4.scoring...
local/score_words.sh data/test_words exp/word/tri_17100.900/graph exp/word/tri_17100.900/decode_test
local/score_words.sh: scoring with word insertion penalty=0.0,0.5,1.0
step5.generate WER...
%WER 46.65 [ 730 / 1565, 96 ins, 88 del, 546 sub ] exp/word/tri_17100.900/decode_test/wer_13_0.5
---->>> finishing test cycle, delete exp/word/tri_17100.900...
----->>> testing ---- leaf: 900, gauss number: 18000 <<<-------
step1.train triphone model ...
2 minutes and 53 seconds for training with leaf: 900, gauss: 18000. total: 173 seconds.
step2.make graph...
step3.decode...
6 minutes and 1 seconds for decoding with leaf: 900, gauss: 18000. total: 361 seconds.
step4.scoring...
local/score_words.sh data/test_words exp/word/tri_18000.900/graph exp/word/tri_18000.900/decode_test
local/score_words.sh: scoring with word insertion penalty=0.0,0.5,1.0
step5.generate WER...
%WER 48.75 [ 763 / 1565, 100 ins, 88 del, 575 sub ] exp/word/tri_18000.900/decode_test/wer_12_1.0
---->>> finishing test cycle, delete exp/word/tri_18000.900...
----->>> testing ---- leaf: 1050, gauss number: 5250 <<<-------
step1.train triphone model ...
2 minutes and 19 seconds for training with leaf: 1050, gauss: 5250. total: 139 seconds.
step2.make graph...
step3.decode...
5 minutes and 58 seconds for decoding with leaf: 1050, gauss: 5250. total: 358 seconds.
step4.scoring...
local/score_words.sh data/test_words exp/word/tri_5250.1050/graph exp/word/tri_5250.1050/decode_test
local/score_words.sh: scoring with word insertion penalty=0.0,0.5,1.0
step5.generate WER...
%WER 45.75 [ 716 / 1565, 87 ins, 89 del, 540 sub ] exp/word/tri_5250.1050/decode_test/wer_12_1.0
---->>> finishing test cycle, delete exp/word/tri_5250.1050...
----->>> testing ---- leaf: 1050, gauss number: 6300 <<<-------
step1.train triphone model ...
2 minutes and 22 seconds for training with leaf: 1050, gauss: 6300. total: 142 seconds.
step2.make graph...
step3.decode...
6 minutes and 11 seconds for decoding with leaf: 1050, gauss: 6300. total: 371 seconds.
step4.scoring...
local/score_words.sh data/test_words exp/word/tri_6300.1050/graph exp/word/tri_6300.1050/decode_test
local/score_words.sh: scoring with word insertion penalty=0.0,0.5,1.0
step5.generate WER...
%WER 47.41 [ 742 / 1565, 98 ins, 81 del, 563 sub ] exp/word/tri_6300.1050/decode_test/wer_13_0.5
---->>> finishing test cycle, delete exp/word/tri_6300.1050...
----->>> testing ---- leaf: 1050, gauss number: 7350 <<<-------
step1.train triphone model ...
2 minutes and 29 seconds for training with leaf: 1050, gauss: 7350. total: 149 seconds.
step2.make graph...
step3.decode...
6 minutes and 10 seconds for decoding with leaf: 1050, gauss: 7350. total: 370 seconds.
step4.scoring...
local/score_words.sh data/test_words exp/word/tri_7350.1050/graph exp/word/tri_7350.1050/decode_test
local/score_words.sh: scoring with word insertion penalty=0.0,0.5,1.0
step5.generate WER...
%WER 47.28 [ 740 / 1565, 96 ins, 91 del, 553 sub ] exp/word/tri_7350.1050/decode_test/wer_12_1.0
---->>> finishing test cycle, delete exp/word/tri_7350.1050...
----->>> testing ---- leaf: 1050, gauss number: 8400 <<<-------
step1.train triphone model ...
2 minutes and 33 seconds for training with leaf: 1050, gauss: 8400. total: 153 seconds.
step2.make graph...
step3.decode...
6 minutes and 2 seconds for decoding with leaf: 1050, gauss: 8400. total: 362 seconds.
step4.scoring...
local/score_words.sh data/test_words exp/word/tri_8400.1050/graph exp/word/tri_8400.1050/decode_test
local/score_words.sh: scoring with word insertion penalty=0.0,0.5,1.0
step5.generate WER...
%WER 46.33 [ 725 / 1565, 95 ins, 77 del, 553 sub ] exp/word/tri_8400.1050/decode_test/wer_11_1.0
---->>> finishing test cycle, delete exp/word/tri_8400.1050...
----->>> testing ---- leaf: 1050, gauss number: 9450 <<<-------
step1.train triphone model ...
2 minutes and 24 seconds for training with leaf: 1050, gauss: 9450. total: 144 seconds.
step2.make graph...
step3.decode...
5 minutes and 53 seconds for decoding with leaf: 1050, gauss: 9450. total: 353 seconds.
step4.scoring...
local/score_words.sh data/test_words exp/word/tri_9450.1050/graph exp/word/tri_9450.1050/decode_test
local/score_words.sh: scoring with word insertion penalty=0.0,0.5,1.0
step5.generate WER...
%WER 46.52 [ 728 / 1565, 86 ins, 91 del, 551 sub ] exp/word/tri_9450.1050/decode_test/wer_12_1.0
---->>> finishing test cycle, delete exp/word/tri_9450.1050...
----->>> testing ---- leaf: 1050, gauss number: 10500 <<<-------
step1.train triphone model ...
2 minutes and 28 seconds for training with leaf: 1050, gauss: 10500. total: 148 seconds.
step2.make graph...
step3.decode...
5 minutes and 52 seconds for decoding with leaf: 1050, gauss: 10500. total: 352 seconds.
step4.scoring...
local/score_words.sh data/test_words exp/word/tri_10500.1050/graph exp/word/tri_10500.1050/decode_test
local/score_words.sh: scoring with word insertion penalty=0.0,0.5,1.0
step5.generate WER...
%WER 45.50 [ 712 / 1565, 96 ins, 68 del, 548 sub ] exp/word/tri_10500.1050/decode_test/wer_12_0.5
---->>> finishing test cycle, delete exp/word/tri_10500.1050...
----->>> testing ---- leaf: 1050, gauss number: 11550 <<<-------
step1.train triphone model ...
2 minutes and 34 seconds for training with leaf: 1050, gauss: 11550. total: 154 seconds.
step2.make graph...
step3.decode...
5 minutes and 53 seconds for decoding with leaf: 1050, gauss: 11550. total: 353 seconds.
step4.scoring...
local/score_words.sh data/test_words exp/word/tri_11550.1050/graph exp/word/tri_11550.1050/decode_test
local/score_words.sh: scoring with word insertion penalty=0.0,0.5,1.0
step5.generate WER...
%WER 46.13 [ 722 / 1565, 97 ins, 78 del, 547 sub ] exp/word/tri_11550.1050/decode_test/wer_11_1.0
---->>> finishing test cycle, delete exp/word/tri_11550.1050...
----->>> testing ---- leaf: 1050, gauss number: 12600 <<<-------
step1.train triphone model ...
2 minutes and 36 seconds for training with leaf: 1050, gauss: 12600. total: 156 seconds.
step2.make graph...
step3.decode...
5 minutes and 52 seconds for decoding with leaf: 1050, gauss: 12600. total: 352 seconds.
step4.scoring...
local/score_words.sh data/test_words exp/word/tri_12600.1050/graph exp/word/tri_12600.1050/decode_test
local/score_words.sh: scoring with word insertion penalty=0.0,0.5,1.0
step5.generate WER...
%WER 46.01 [ 720 / 1565, 106 ins, 72 del, 542 sub ] exp/word/tri_12600.1050/decode_test/wer_10_1.0
---->>> finishing test cycle, delete exp/word/tri_12600.1050...
----->>> testing ---- leaf: 1050, gauss number: 13650 <<<-------
step1.train triphone model ...
2 minutes and 39 seconds for training with leaf: 1050, gauss: 13650. total: 159 seconds.
step2.make graph...
step3.decode...
6 minutes and 1 seconds for decoding with leaf: 1050, gauss: 13650. total: 361 seconds.
step4.scoring...
local/score_words.sh data/test_words exp/word/tri_13650.1050/graph exp/word/tri_13650.1050/decode_test
local/score_words.sh: scoring with word insertion penalty=0.0,0.5,1.0
step5.generate WER...
%WER 46.13 [ 722 / 1565, 119 ins, 66 del, 537 sub ] exp/word/tri_13650.1050/decode_test/wer_10_1.0
---->>> finishing test cycle, delete exp/word/tri_13650.1050...
----->>> testing ---- leaf: 1050, gauss number: 14700 <<<-------
step1.train triphone model ...
2 minutes and 42 seconds for training with leaf: 1050, gauss: 14700. total: 162 seconds.
step2.make graph...
step3.decode...
5 minutes and 54 seconds for decoding with leaf: 1050, gauss: 14700. total: 354 seconds.
step4.scoring...
local/score_words.sh data/test_words exp/word/tri_14700.1050/graph exp/word/tri_14700.1050/decode_test
local/score_words.sh: scoring with word insertion penalty=0.0,0.5,1.0
step5.generate WER...
%WER 45.81 [ 717 / 1565, 97 ins, 79 del, 541 sub ] exp/word/tri_14700.1050/decode_test/wer_11_1.0
---->>> finishing test cycle, delete exp/word/tri_14700.1050...
----->>> testing ---- leaf: 1050, gauss number: 15750 <<<-------
step1.train triphone model ...
2 minutes and 44 seconds for training with leaf: 1050, gauss: 15750. total: 164 seconds.
step2.make graph...
step3.decode...
5 minutes and 56 seconds for decoding with leaf: 1050, gauss: 15750. total: 356 seconds.
step4.scoring...
local/score_words.sh data/test_words exp/word/tri_15750.1050/graph exp/word/tri_15750.1050/decode_test
local/score_words.sh: scoring with word insertion penalty=0.0,0.5,1.0
step5.generate WER...
%WER 46.71 [ 731 / 1565, 90 ins, 83 del, 558 sub ] exp/word/tri_15750.1050/decode_test/wer_12_1.0
---->>> finishing test cycle, delete exp/word/tri_15750.1050...
----->>> testing ---- leaf: 1050, gauss number: 16800 <<<-------
step1.train triphone model ...
2 minutes and 46 seconds for training with leaf: 1050, gauss: 16800. total: 166 seconds.
step2.make graph...
step3.decode...
6 minutes and 1 seconds for decoding with leaf: 1050, gauss: 16800. total: 361 seconds.
step4.scoring...
local/score_words.sh data/test_words exp/word/tri_16800.1050/graph exp/word/tri_16800.1050/decode_test
local/score_words.sh: scoring with word insertion penalty=0.0,0.5,1.0
step5.generate WER...
%WER 46.77 [ 732 / 1565, 95 ins, 88 del, 549 sub ] exp/word/tri_16800.1050/decode_test/wer_12_1.0
---->>> finishing test cycle, delete exp/word/tri_16800.1050...
----->>> testing ---- leaf: 1050, gauss number: 17850 <<<-------
step1.train triphone model ...
2 minutes and 51 seconds for training with leaf: 1050, gauss: 17850. total: 171 seconds.
step2.make graph...
step3.decode...
5 minutes and 53 seconds for decoding with leaf: 1050, gauss: 17850. total: 353 seconds.
step4.scoring...
local/score_words.sh data/test_words exp/word/tri_17850.1050/graph exp/word/tri_17850.1050/decode_test
local/score_words.sh: scoring with word insertion penalty=0.0,0.5,1.0
step5.generate WER...
%WER 46.26 [ 724 / 1565, 102 ins, 73 del, 549 sub ] exp/word/tri_17850.1050/decode_test/wer_12_0.5
---->>> finishing test cycle, delete exp/word/tri_17850.1050...
----->>> testing ---- leaf: 1050, gauss number: 18900 <<<-------
step1.train triphone model ...
2 minutes and 52 seconds for training with leaf: 1050, gauss: 18900. total: 172 seconds.
step2.make graph...
step3.decode...
5 minutes and 54 seconds for decoding with leaf: 1050, gauss: 18900. total: 354 seconds.
step4.scoring...
local/score_words.sh data/test_words exp/word/tri_18900.1050/graph exp/word/tri_18900.1050/decode_test
local/score_words.sh: scoring with word insertion penalty=0.0,0.5,1.0
step5.generate WER...
%WER 46.58 [ 729 / 1565, 90 ins, 83 del, 556 sub ] exp/word/tri_18900.1050/decode_test/wer_12_1.0
---->>> finishing test cycle, delete exp/word/tri_18900.1050...
----->>> testing ---- leaf: 1050, gauss number: 19950 <<<-------
step1.train triphone model ...
2 minutes and 56 seconds for training with leaf: 1050, gauss: 19950. total: 176 seconds.
step2.make graph...
step3.decode...
6 minutes and 3 seconds for decoding with leaf: 1050, gauss: 19950. total: 363 seconds.
step4.scoring...
local/score_words.sh data/test_words exp/word/tri_19950.1050/graph exp/word/tri_19950.1050/decode_test
local/score_words.sh: scoring with word insertion penalty=0.0,0.5,1.0
step5.generate WER...
%WER 45.62 [ 714 / 1565, 103 ins, 70 del, 541 sub ] exp/word/tri_19950.1050/decode_test/wer_11_1.0
---->>> finishing test cycle, delete exp/word/tri_19950.1050...
----->>> testing ---- leaf: 1050, gauss number: 21000 <<<-------
step1.train triphone model ...
3 minutes and 0 seconds for training with leaf: 1050, gauss: 21000. total: 180 seconds.
step2.make graph...
step3.decode...
6 minutes and 2 seconds for decoding with leaf: 1050, gauss: 21000. total: 362 seconds.
step4.scoring...
local/score_words.sh data/test_words exp/word/tri_21000.1050/graph exp/word/tri_21000.1050/decode_test
local/score_words.sh: scoring with word insertion penalty=0.0,0.5,1.0
step5.generate WER...
%WER 48.43 [ 758 / 1565, 97 ins, 91 del, 570 sub ] exp/word/tri_21000.1050/decode_test/wer_12_1.0
---->>> finishing test cycle, delete exp/word/tri_21000.1050...
----->>> testing ---- leaf: 1200, gauss number: 6000 <<<-------
step1.train triphone model ...
2 minutes and 16 seconds for training with leaf: 1200, gauss: 6000. total: 136 seconds.
step2.make graph...
step3.decode...
5 minutes and 49 seconds for decoding with leaf: 1200, gauss: 6000. total: 349 seconds.
step4.scoring...
local/score_words.sh data/test_words exp/word/tri_6000.1200/graph exp/word/tri_6000.1200/decode_test
local/score_words.sh: scoring with word insertion penalty=0.0,0.5,1.0
step5.generate WER...
%WER 46.71 [ 731 / 1565, 107 ins, 68 del, 556 sub ] exp/word/tri_6000.1200/decode_test/wer_9_1.0
---->>> finishing test cycle, delete exp/word/tri_6000.1200...
----->>> testing ---- leaf: 1200, gauss number: 7200 <<<-------
step1.train triphone model ...
2 minutes and 20 seconds for training with leaf: 1200, gauss: 7200. total: 140 seconds.
step2.make graph...
step3.decode...
5 minutes and 53 seconds for decoding with leaf: 1200, gauss: 7200. total: 353 seconds.
step4.scoring...
local/score_words.sh data/test_words exp/word/tri_7200.1200/graph exp/word/tri_7200.1200/decode_test
local/score_words.sh: scoring with word insertion penalty=0.0,0.5,1.0
step5.generate WER...
%WER 46.84 [ 733 / 1565, 95 ins, 78 del, 560 sub ] exp/word/tri_7200.1200/decode_test/wer_12_1.0
---->>> finishing test cycle, delete exp/word/tri_7200.1200...
----->>> testing ---- leaf: 1200, gauss number: 8400 <<<-------
step1.train triphone model ...
2 minutes and 24 seconds for training with leaf: 1200, gauss: 8400. total: 144 seconds.
step2.make graph...
step3.decode...
5 minutes and 53 seconds for decoding with leaf: 1200, gauss: 8400. total: 353 seconds.
step4.scoring...
local/score_words.sh data/test_words exp/word/tri_8400.1200/graph exp/word/tri_8400.1200/decode_test
local/score_words.sh: scoring with word insertion penalty=0.0,0.5,1.0
step5.generate WER...
%WER 47.28 [ 740 / 1565, 106 ins, 72 del, 562 sub ] exp/word/tri_8400.1200/decode_test/wer_10_1.0
---->>> finishing test cycle, delete exp/word/tri_8400.1200...
----->>> testing ---- leaf: 1200, gauss number: 9600 <<<-------
step1.train triphone model ...
2 minutes and 27 seconds for training with leaf: 1200, gauss: 9600. total: 147 seconds.
step2.make graph...
step3.decode...
5 minutes and 51 seconds for decoding with leaf: 1200, gauss: 9600. total: 351 seconds.
step4.scoring...
local/score_words.sh data/test_words exp/word/tri_9600.1200/graph exp/word/tri_9600.1200/decode_test
local/score_words.sh: scoring with word insertion penalty=0.0,0.5,1.0
step5.generate WER...
%WER 47.48 [ 743 / 1565, 96 ins, 85 del, 562 sub ] exp/word/tri_9600.1200/decode_test/wer_12_1.0
---->>> finishing test cycle, delete exp/word/tri_9600.1200...
----->>> testing ---- leaf: 1200, gauss number: 10800 <<<-------
step1.train triphone model ...
2 minutes and 30 seconds for training with leaf: 1200, gauss: 10800. total: 150 seconds.
step2.make graph...
step3.decode...
5 minutes and 59 seconds for decoding with leaf: 1200, gauss: 10800. total: 359 seconds.
step4.scoring...
local/score_words.sh data/test_words exp/word/tri_10800.1200/graph exp/word/tri_10800.1200/decode_test
local/score_words.sh: scoring with word insertion penalty=0.0,0.5,1.0
step5.generate WER...
%WER 44.79 [ 701 / 1565, 106 ins, 69 del, 526 sub ] exp/word/tri_10800.1200/decode_test/wer_11_1.0
---->>> finishing test cycle, delete exp/word/tri_10800.1200...
----->>> testing ---- leaf: 1200, gauss number: 12000 <<<-------
step1.train triphone model ...
2 minutes and 35 seconds for training with leaf: 1200, gauss: 12000. total: 155 seconds.
step2.make graph...
step3.decode...
5 minutes and 56 seconds for decoding with leaf: 1200, gauss: 12000. total: 356 seconds.
step4.scoring...
local/score_words.sh data/test_words exp/word/tri_12000.1200/graph exp/word/tri_12000.1200/decode_test
local/score_words.sh: scoring with word insertion penalty=0.0,0.5,1.0
step5.generate WER...
%WER 46.20 [ 723 / 1565, 111 ins, 64 del, 548 sub ] exp/word/tri_12000.1200/decode_test/wer_10_1.0
---->>> finishing test cycle, delete exp/word/tri_12000.1200...
----->>> testing ---- leaf: 1200, gauss number: 13200 <<<-------
step1.train triphone model ...
2 minutes and 46 seconds for training with leaf: 1200, gauss: 13200. total: 166 seconds.
step2.make graph...
step3.decode...
5 minutes and 56 seconds for decoding with leaf: 1200, gauss: 13200. total: 356 seconds.
step4.scoring...
local/score_words.sh data/test_words exp/word/tri_13200.1200/graph exp/word/tri_13200.1200/decode_test
local/score_words.sh: scoring with word insertion penalty=0.0,0.5,1.0
step5.generate WER...
%WER 46.33 [ 725 / 1565, 107 ins, 72 del, 546 sub ] exp/word/tri_13200.1200/decode_test/wer_13_0.5
---->>> finishing test cycle, delete exp/word/tri_13200.1200...
----->>> testing ---- leaf: 1200, gauss number: 14400 <<<-------
step1.train triphone model ...
2 minutes and 45 seconds for training with leaf: 1200, gauss: 14400. total: 165 seconds.
step2.make graph...
step3.decode...
6 minutes and 22 seconds for decoding with leaf: 1200, gauss: 14400. total: 382 seconds.
step4.scoring...
local/score_words.sh data/test_words exp/word/tri_14400.1200/graph exp/word/tri_14400.1200/decode_test
local/score_words.sh: scoring with word insertion penalty=0.0,0.5,1.0
step5.generate WER...
%WER 46.77 [ 732 / 1565, 100 ins, 73 del, 559 sub ] exp/word/tri_14400.1200/decode_test/wer_11_1.0
---->>> finishing test cycle, delete exp/word/tri_14400.1200...
----->>> testing ---- leaf: 1200, gauss number: 15600 <<<-------
step1.train triphone model ...
3 minutes and 0 seconds for training with leaf: 1200, gauss: 15600. total: 180 seconds.
step2.make graph...
step3.decode...
6 minutes and 19 seconds for decoding with leaf: 1200, gauss: 15600. total: 379 seconds.
step4.scoring...
local/score_words.sh data/test_words exp/word/tri_15600.1200/graph exp/word/tri_15600.1200/decode_test
local/score_words.sh: scoring with word insertion penalty=0.0,0.5,1.0
step5.generate WER...
%WER 46.45 [ 727 / 1565, 105 ins, 72 del, 550 sub ] exp/word/tri_15600.1200/decode_test/wer_11_1.0
---->>> finishing test cycle, delete exp/word/tri_15600.1200...
----->>> testing ---- leaf: 1200, gauss number: 16800 <<<-------
step1.train triphone model ...
3 minutes and 0 seconds for training with leaf: 1200, gauss: 16800. total: 180 seconds.
step2.make graph...
step3.decode...
6 minutes and 31 seconds for decoding with leaf: 1200, gauss: 16800. total: 391 seconds.
step4.scoring...
local/score_words.sh data/test_words exp/word/tri_16800.1200/graph exp/word/tri_16800.1200/decode_test
local/score_words.sh: scoring with word insertion penalty=0.0,0.5,1.0
step5.generate WER...
%WER 46.20 [ 723 / 1565, 92 ins, 76 del, 555 sub ] exp/word/tri_16800.1200/decode_test/wer_12_1.0
---->>> finishing test cycle, delete exp/word/tri_16800.1200...
----->>> testing ---- leaf: 1200, gauss number: 18000 <<<-------
step1.train triphone model ...
6 minutes and 4 seconds for training with leaf: 1200, gauss: 18000. total: 364 seconds.
step2.make graph...
step3.decode...
11 minutes and 57 seconds for decoding with leaf: 1200, gauss: 18000. total: 717 seconds.
step4.scoring...
local/score_words.sh data/test_words exp/word/tri_18000.1200/graph exp/word/tri_18000.1200/decode_test
local/score_words.sh: scoring with word insertion penalty=0.0,0.5,1.0
step5.generate WER...
%WER 46.52 [ 728 / 1565, 102 ins, 69 del, 557 sub ] exp/word/tri_18000.1200/decode_test/wer_11_1.0
---->>> finishing test cycle, delete exp/word/tri_18000.1200...
----->>> testing ---- leaf: 1200, gauss number: 19200 <<<-------
step1.train triphone model ...
7 minutes and 4 seconds for training with leaf: 1200, gauss: 19200. total: 424 seconds.
step2.make graph...
step3.decode...
9 minutes and 57 seconds for decoding with leaf: 1200, gauss: 19200. total: 597 seconds.
step4.scoring...
local/score_words.sh data/test_words exp/word/tri_19200.1200/graph exp/word/tri_19200.1200/decode_test
local/score_words.sh: scoring with word insertion penalty=0.0,0.5,1.0
step5.generate WER...
%WER 45.30 [ 709 / 1565, 117 ins, 62 del, 530 sub ] exp/word/tri_19200.1200/decode_test/wer_10_1.0
---->>> finishing test cycle, delete exp/word/tri_19200.1200...
----->>> testing ---- leaf: 1200, gauss number: 20400 <<<-------
step1.train triphone model ...
3 minutes and 42 seconds for training with leaf: 1200, gauss: 20400. total: 222 seconds.
step2.make graph...
step3.decode...
7 minutes and 3 seconds for decoding with leaf: 1200, gauss: 20400. total: 423 seconds.
step4.scoring...
local/score_words.sh data/test_words exp/word/tri_20400.1200/graph exp/word/tri_20400.1200/decode_test
local/score_words.sh: scoring with word insertion penalty=0.0,0.5,1.0
step5.generate WER...
%WER 46.45 [ 727 / 1565, 98 ins, 80 del, 549 sub ] exp/word/tri_20400.1200/decode_test/wer_13_1.0
---->>> finishing test cycle, delete exp/word/tri_20400.1200...
----->>> testing ---- leaf: 1200, gauss number: 21600 <<<-------
step1.train triphone model ...
3 minutes and 58 seconds for training with leaf: 1200, gauss: 21600. total: 238 seconds.
step2.make graph...
step3.decode...
7 minutes and 32 seconds for decoding with leaf: 1200, gauss: 21600. total: 452 seconds.
step4.scoring...
local/score_words.sh data/test_words exp/word/tri_21600.1200/graph exp/word/tri_21600.1200/decode_test
local/score_words.sh: scoring with word insertion penalty=0.0,0.5,1.0
step5.generate WER...
%WER 46.77 [ 732 / 1565, 120 ins, 61 del, 551 sub ] exp/word/tri_21600.1200/decode_test/wer_10_1.0
---->>> finishing test cycle, delete exp/word/tri_21600.1200...
----->>> testing ---- leaf: 1200, gauss number: 22800 <<<-------
step1.train triphone model ...
4 minutes and 33 seconds for training with leaf: 1200, gauss: 22800. total: 273 seconds.
step2.make graph...
step3.decode...
7 minutes and 16 seconds for decoding with leaf: 1200, gauss: 22800. total: 436 seconds.
step4.scoring...
local/score_words.sh data/test_words exp/word/tri_22800.1200/graph exp/word/tri_22800.1200/decode_test
local/score_words.sh: scoring with word insertion penalty=0.0,0.5,1.0
step5.generate WER...
%WER 45.43 [ 711 / 1565, 118 ins, 64 del, 529 sub ] exp/word/tri_22800.1200/decode_test/wer_11_0.5
---->>> finishing test cycle, delete exp/word/tri_22800.1200...
----->>> testing ---- leaf: 1200, gauss number: 24000 <<<-------
step1.train triphone model ...
4 minutes and 22 seconds for training with leaf: 1200, gauss: 24000. total: 262 seconds.
step2.make graph...
step3.decode...
7 minutes and 11 seconds for decoding with leaf: 1200, gauss: 24000. total: 431 seconds.
step4.scoring...
local/score_words.sh data/test_words exp/word/tri_24000.1200/graph exp/word/tri_24000.1200/decode_test
local/score_words.sh: scoring with word insertion penalty=0.0,0.5,1.0
step5.generate WER...
%WER 46.45 [ 727 / 1565, 103 ins, 73 del, 551 sub ] exp/word/tri_24000.1200/decode_test/wer_12_1.0
---->>> finishing test cycle, delete exp/word/tri_24000.1200...
----->>> testing ---- leaf: 1350, gauss number: 6750 <<<-------
step1.train triphone model ...
2 minutes and 59 seconds for training with leaf: 1350, gauss: 6750. total: 179 seconds.
step2.make graph...
step3.decode...
6 minutes and 45 seconds for decoding with leaf: 1350, gauss: 6750. total: 405 seconds.
step4.scoring...
local/score_words.sh data/test_words exp/word/tri_6750.1350/graph exp/word/tri_6750.1350/decode_test
local/score_words.sh: scoring with word insertion penalty=0.0,0.5,1.0
step5.generate WER...
%WER 45.88 [ 718 / 1565, 86 ins, 69 del, 563 sub ] exp/word/tri_6750.1350/decode_test/wer_11_1.0
---->>> finishing test cycle, delete exp/word/tri_6750.1350...
----->>> testing ---- leaf: 1350, gauss number: 8100 <<<-------
step1.train triphone model ...
3 minutes and 1 seconds for training with leaf: 1350, gauss: 8100. total: 181 seconds.
step2.make graph...
step3.decode...
6 minutes and 26 seconds for decoding with leaf: 1350, gauss: 8100. total: 386 seconds.
step4.scoring...
local/score_words.sh data/test_words exp/word/tri_8100.1350/graph exp/word/tri_8100.1350/decode_test
local/score_words.sh: scoring with word insertion penalty=0.0,0.5,1.0
step5.generate WER...
%WER 47.03 [ 736 / 1565, 85 ins, 82 del, 569 sub ] exp/word/tri_8100.1350/decode_test/wer_13_1.0
---->>> finishing test cycle, delete exp/word/tri_8100.1350...
----->>> testing ---- leaf: 1350, gauss number: 9450 <<<-------
step1.train triphone model ...
2 minutes and 35 seconds for training with leaf: 1350, gauss: 9450. total: 155 seconds.
step2.make graph...
step3.decode...
6 minutes and 3 seconds for decoding with leaf: 1350, gauss: 9450. total: 363 seconds.
step4.scoring...
local/score_words.sh data/test_words exp/word/tri_9450.1350/graph exp/word/tri_9450.1350/decode_test
local/score_words.sh: scoring with word insertion penalty=0.0,0.5,1.0
step5.generate WER...
%WER 46.01 [ 720 / 1565, 98 ins, 69 del, 553 sub ] exp/word/tri_9450.1350/decode_test/wer_11_1.0
---->>> finishing test cycle, delete exp/word/tri_9450.1350...
----->>> testing ---- leaf: 1350, gauss number: 10800 <<<-------
step1.train triphone model ...
2 minutes and 38 seconds for training with leaf: 1350, gauss: 10800. total: 158 seconds.
step2.make graph...
step3.decode...
6 minutes and 10 seconds for decoding with leaf: 1350, gauss: 10800. total: 370 seconds.
step4.scoring...
local/score_words.sh data/test_words exp/word/tri_10800.1350/graph exp/word/tri_10800.1350/decode_test
local/score_words.sh: scoring with word insertion penalty=0.0,0.5,1.0
step5.generate WER...
%WER 45.43 [ 711 / 1565, 92 ins, 74 del, 545 sub ] exp/word/tri_10800.1350/decode_test/wer_12_1.0
---->>> finishing test cycle, delete exp/word/tri_10800.1350...
----->>> testing ---- leaf: 1350, gauss number: 12150 <<<-------
step1.train triphone model ...
2 minutes and 43 seconds for training with leaf: 1350, gauss: 12150. total: 163 seconds.
step2.make graph...
step3.decode...
6 minutes and 3 seconds for decoding with leaf: 1350, gauss: 12150. total: 363 seconds.
step4.scoring...
local/score_words.sh data/test_words exp/word/tri_12150.1350/graph exp/word/tri_12150.1350/decode_test
local/score_words.sh: scoring with word insertion penalty=0.0,0.5,1.0
step5.generate WER...
%WER 46.01 [ 720 / 1565, 116 ins, 65 del, 539 sub ] exp/word/tri_12150.1350/decode_test/wer_10_1.0
---->>> finishing test cycle, delete exp/word/tri_12150.1350...
----->>> testing ---- leaf: 1350, gauss number: 13500 <<<-------
step1.train triphone model ...
2 minutes and 48 seconds for training with leaf: 1350, gauss: 13500. total: 168 seconds.
step2.make graph...
step3.decode...
6 minutes and 33 seconds for decoding with leaf: 1350, gauss: 13500. total: 393 seconds.
step4.scoring...
local/score_words.sh data/test_words exp/word/tri_13500.1350/graph exp/word/tri_13500.1350/decode_test
local/score_words.sh: scoring with word insertion penalty=0.0,0.5,1.0
step5.generate WER...
%WER 46.39 [ 726 / 1565, 109 ins, 65 del, 552 sub ] exp/word/tri_13500.1350/decode_test/wer_11_1.0
---->>> finishing test cycle, delete exp/word/tri_13500.1350...
----->>> testing ---- leaf: 1350, gauss number: 14850 <<<-------
step1.train triphone model ...
2 minutes and 47 seconds for training with leaf: 1350, gauss: 14850. total: 167 seconds.
step2.make graph...
step3.decode...
7 minutes and 56 seconds for decoding with leaf: 1350, gauss: 14850. total: 476 seconds.
step4.scoring...
local/score_words.sh data/test_words exp/word/tri_14850.1350/graph exp/word/tri_14850.1350/decode_test
local/score_words.sh: scoring with word insertion penalty=0.0,0.5,1.0
step5.generate WER...
%WER 45.11 [ 706 / 1565, 95 ins, 74 del, 537 sub ] exp/word/tri_14850.1350/decode_test/wer_12_1.0
---->>> finishing test cycle, delete exp/word/tri_14850.1350...
----->>> testing ---- leaf: 1350, gauss number: 16200 <<<-------
step1.train triphone model ...
2 minutes and 50 seconds for training with leaf: 1350, gauss: 16200. total: 170 seconds.
step2.make graph...
step3.decode...
6 minutes and 19 seconds for decoding with leaf: 1350, gauss: 16200. total: 379 seconds.
step4.scoring...
local/score_words.sh data/test_words exp/word/tri_16200.1350/graph exp/word/tri_16200.1350/decode_test
local/score_words.sh: scoring with word insertion penalty=0.0,0.5,1.0
step5.generate WER...
%WER 45.75 [ 716 / 1565, 109 ins, 75 del, 532 sub ] exp/word/tri_16200.1350/decode_test/wer_11_1.0
---->>> finishing test cycle, delete exp/word/tri_16200.1350...
----->>> testing ---- leaf: 1350, gauss number: 17550 <<<-------
step1.train triphone model ...
4 minutes and 0 seconds for training with leaf: 1350, gauss: 17550. total: 240 seconds.
step2.make graph...
step3.decode...
6 minutes and 26 seconds for decoding with leaf: 1350, gauss: 17550. total: 386 seconds.
step4.scoring...
local/score_words.sh data/test_words exp/word/tri_17550.1350/graph exp/word/tri_17550.1350/decode_test
local/score_words.sh: scoring with word insertion penalty=0.0,0.5,1.0
step5.generate WER...
%WER 47.16 [ 738 / 1565, 108 ins, 72 del, 558 sub ] exp/word/tri_17550.1350/decode_test/wer_11_1.0
---->>> finishing test cycle, delete exp/word/tri_17550.1350...
----->>> testing ---- leaf: 1350, gauss number: 18900 <<<-------
step1.train triphone model ...
3 minutes and 9 seconds for training with leaf: 1350, gauss: 18900. total: 189 seconds.
step2.make graph...
step3.decode...
5 minutes and 59 seconds for decoding with leaf: 1350, gauss: 18900. total: 359 seconds.
step4.scoring...
local/score_words.sh data/test_words exp/word/tri_18900.1350/graph exp/word/tri_18900.1350/decode_test
local/score_words.sh: scoring with word insertion penalty=0.0,0.5,1.0
step5.generate WER...
%WER 46.84 [ 733 / 1565, 110 ins, 81 del, 542 sub ] exp/word/tri_18900.1350/decode_test/wer_14_0.5
---->>> finishing test cycle, delete exp/word/tri_18900.1350...
----->>> testing ---- leaf: 1350, gauss number: 20250 <<<-------
step1.train triphone model ...
