test different word insertion penalty parameters and explore the impact to WER
----->>> testing ---- word insertion penalty: 0.0,0.7,1.0 ; baseline is lab3 WER result: 46.90<<<-------
scoring...
local/score_words.sh --word_ins_penalty 0.0,0.7,1.0 data/test_words exp/word/tri1/graph exp/word/tri1/decode_test
local/score_words.sh: scoring with word insertion penalty=0.0,0.7,1.0
step5.generate WER...
%WER 46.13 [ 722 / 1565, 123 ins, 58 del, 541 sub ] exp/word/tri1/decode_test/wer_11_1.0
----->>> testing ---- word insertion penalty: 0.2,0.5,1.0 ; baseline is lab3 WER result: 46.90<<<-------
scoring...
local/score_words.sh --word_ins_penalty 0.2,0.5,1.0 data/test_words exp/word/tri1/graph exp/word/tri1/decode_test
local/score_words.sh: scoring with word insertion penalty=0.2,0.5,1.0
step5.generate WER...
%WER 46.13 [ 722 / 1565, 123 ins, 58 del, 541 sub ] exp/word/tri1/decode_test/wer_11_1.0
----->>> testing ---- word insertion penalty: 0.0,0.5,0.7 ; baseline is lab3 WER result: 46.90<<<-------
scoring...
local/score_words.sh --word_ins_penalty 0.0,0.5,0.7 data/test_words exp/word/tri1/graph exp/word/tri1/decode_test
local/score_words.sh: scoring with word insertion penalty=0.0,0.5,0.7
step5.generate WER...
%WER 46.33 [ 725 / 1565, 111 ins, 66 del, 548 sub ] exp/word/tri1/decode_test/wer_13_0.7
----->>> testing ---- word insertion penalty: 0.2,0.2,0.2 ; baseline is lab3 WER result: 46.90<<<-------
scoring...
local/score_words.sh --word_ins_penalty 0.2,0.2,0.2 data/test_words exp/word/tri1/graph exp/word/tri1/decode_test
local/score_words.sh: scoring with word insertion penalty=0.2,0.2,0.2
step5.generate WER...
%WER 47.60 [ 745 / 1565, 134 ins, 55 del, 556 sub ] exp/word/tri1/decode_test/wer_13_0.2
----->>> testing ---- word insertion penalty: 0.5,0.5,0.5 ; baseline is lab3 WER result: 46.90<<<-------
scoring...
local/score_words.sh --word_ins_penalty 0.5,0.5,0.5 data/test_words exp/word/tri1/graph exp/word/tri1/decode_test
local/score_words.sh: scoring with word insertion penalty=0.5,0.5,0.5
step5.generate WER...
%WER 46.96 [ 735 / 1565, 122 ins, 60 del, 553 sub ] exp/word/tri1/decode_test/wer_13_0.5
----->>> testing ---- word insertion penalty: 1.0,1.0,1.0 ; baseline is lab3 WER result: 46.90<<<-------
scoring...
local/score_words.sh --word_ins_penalty 1.0,1.0,1.0 data/test_words exp/word/tri1/graph exp/word/tri1/decode_test
local/score_words.sh: scoring with word insertion penalty=1.0,1.0,1.0
step5.generate WER...
%WER 46.13 [ 722 / 1565, 123 ins, 58 del, 541 sub ] exp/word/tri1/decode_test/wer_11_1.0
----->>> testing ---- word insertion penalty: 1.0,0.5,1.0 ; baseline is lab3 WER result: 46.90<<<-------
scoring...
local/score_words.sh --word_ins_penalty 1.0,0.5,1.0 data/test_words exp/word/tri1/graph exp/word/tri1/decode_test
local/score_words.sh: scoring with word insertion penalty=1.0,0.5,1.0
step5.generate WER...
%WER 46.13 [ 722 / 1565, 123 ins, 58 del, 541 sub ] exp/word/tri1/decode_test/wer_11_1.0
----->>> testing ---- word insertion penalty: 1.0,1.0,0.5 ; baseline is lab3 WER result: 46.90<<<-------
scoring...
local/score_words.sh --word_ins_penalty 1.0,1.0,0.5 data/test_words exp/word/tri1/graph exp/word/tri1/decode_test
local/score_words.sh: scoring with word insertion penalty=1.0,1.0,0.5
step5.generate WER...
%WER 46.13 [ 722 / 1565, 123 ins, 58 del, 541 sub ] exp/word/tri1/decode_test/wer_11_1.0
----->>> testing ---- word insertion penalty: 0.0,0.0,0.0 ; baseline is lab3 WER result: 46.90<<<-------
scoring...
local/score_words.sh --word_ins_penalty 0.0,0.0,0.0 data/test_words exp/word/tri1/graph exp/word/tri1/decode_test
local/score_words.sh: scoring with word insertion penalty=0.0,0.0,0.0
step5.generate WER...
%WER 48.24 [ 755 / 1565, 148 ins, 49 del, 558 sub ] exp/word/tri1/decode_test/wer_12_0.0
----->>> testing ---- word insertion penalty: 2.0,2.0,2.0 ; baseline is lab3 WER result: 46.90<<<-------
scoring...
local/score_words.sh --word_ins_penalty 2.0,2.0,2.0 data/test_words exp/word/tri1/graph exp/word/tri1/decode_test
local/score_words.sh: scoring with word insertion penalty=2.0,2.0,2.0
step5.generate WER...
%WER 44.60 [ 698 / 1565, 90 ins, 77 del, 531 sub ] exp/word/tri1/decode_test/wer_11_2.0
----->>> testing ---- word insertion penalty: 0.0,0.5,2.0 ; baseline is lab3 WER result: 46.90<<<-------
scoring...
local/score_words.sh --word_ins_penalty 0.0,0.5,2.0 data/test_words exp/word/tri1/graph exp/word/tri1/decode_test
local/score_words.sh: scoring with word insertion penalty=0.0,0.5,2.0
step5.generate WER...
%WER 44.60 [ 698 / 1565, 90 ins, 77 del, 531 sub ] exp/word/tri1/decode_test/wer_11_2.0
----->>> testing ---- word insertion penalty: 0.5,0.0,2.0 ; baseline is lab3 WER result: 46.90<<<-------
scoring...
local/score_words.sh --word_ins_penalty 0.5,0.0,2.0 data/test_words exp/word/tri1/graph exp/word/tri1/decode_test
local/score_words.sh: scoring with word insertion penalty=0.5,0.0,2.0
step5.generate WER...
%WER 44.60 [ 698 / 1565, 90 ins, 77 del, 531 sub ] exp/word/tri1/decode_test/wer_11_2.0
----->>> testing ---- word insertion penalty: 0.3,0.6,2.0 ; baseline is lab3 WER result: 46.90<<<-------
scoring...
local/score_words.sh --word_ins_penalty 0.3,0.6,2.0 data/test_words exp/word/tri1/graph exp/word/tri1/decode_test
local/score_words.sh: scoring with word insertion penalty=0.3,0.6,2.0
step5.generate WER...
%WER 44.60 [ 698 / 1565, 90 ins, 77 del, 531 sub ] exp/word/tri1/decode_test/wer_11_2.0
----->>> testing ---- word insertion penalty: 0.6,0.3,2.0 ; baseline is lab3 WER result: 46.90<<<-------
scoring...
local/score_words.sh --word_ins_penalty 0.6,0.3,2.0 data/test_words exp/word/tri1/graph exp/word/tri1/decode_test
local/score_words.sh: scoring with word insertion penalty=0.6,0.3,2.0
step5.generate WER...
%WER 44.60 [ 698 / 1565, 90 ins, 77 del, 531 sub ] exp/word/tri1/decode_test/wer_11_2.0
----->>> testing ---- word insertion penalty: 2.0,0.5,0.0 ; baseline is lab3 WER result: 46.90<<<-------
scoring...
local/score_words.sh --word_ins_penalty 2.0,0.5,0.0 data/test_words exp/word/tri1/graph exp/word/tri1/decode_test
local/score_words.sh: scoring with word insertion penalty=2.0,0.5,0.0
step5.generate WER...
%WER 44.60 [ 698 / 1565, 90 ins, 77 del, 531 sub ] exp/word/tri1/decode_test/wer_11_2.0
----->>> testing ---- word insertion penalty: 2.0,1.0,0.0 ; baseline is lab3 WER result: 46.90<<<-------
scoring...
local/score_words.sh --word_ins_penalty 2.0,1.0,0.0 data/test_words exp/word/tri1/graph exp/word/tri1/decode_test
local/score_words.sh: scoring with word insertion penalty=2.0,1.0,0.0
step5.generate WER...
%WER 44.60 [ 698 / 1565, 90 ins, 77 del, 531 sub ] exp/word/tri1/decode_test/wer_11_2.0
