----->>> testing ---- leaf: 500, gauss number: 500 <<<-------
../exp/word/tri_500.500 exists, delete.
step1.train triphone model ...
step2.make graph...
step3.decode...
step4.scoring...
local/score_words.sh data/test_words exp/word/tri_500.500/graph exp/word/tri_500.500/decode_test
local/score_words.sh: scoring with word insertion penalty=0.0,0.5,1.0
step5.generate WER...
%WER 60.13 [ 941 / 1565, 83 ins, 122 del, 736 sub ] exp/word/tri_500.500/decode_test/wer_12_0.5
---->>> finishing test cycle, delete exp/word/tri_500.500...
----->>> testing ---- leaf: 500, gauss number: 1000 <<<-------
../exp/word/tri_1000.500 exists, delete.
step1.train triphone model ...
step2.make graph...
step3.decode...
step4.scoring...
local/score_words.sh data/test_words exp/word/tri_1000.500/graph exp/word/tri_1000.500/decode_test
local/score_words.sh: scoring with word insertion penalty=0.0,0.5,1.0
step5.generate WER...
%WER 55.14 [ 863 / 1565, 91 ins, 110 del, 662 sub ] exp/word/tri_1000.500/decode_test/wer_10_1.0
---->>> finishing test cycle, delete exp/word/tri_1000.500...
----->>> testing ---- leaf: 500, gauss number: 1500 <<<-------
step1.train triphone model ...
step2.make graph...
step3.decode...
step4.scoring...
local/score_words.sh data/test_words exp/word/tri_1500.500/graph exp/word/tri_1500.500/decode_test
local/score_words.sh: scoring with word insertion penalty=0.0,0.5,1.0
step5.generate WER...
%WER 52.65 [ 824 / 1565, 81 ins, 106 del, 637 sub ] exp/word/tri_1500.500/decode_test/wer_11_0.5
---->>> finishing test cycle, delete exp/word/tri_1500.500...
----->>> testing ---- leaf: 500, gauss number: 2000 <<<-------
step1.train triphone model ...
step2.make graph...
step3.decode...
step4.scoring...
local/score_words.sh data/test_words exp/word/tri_2000.500/graph exp/word/tri_2000.500/decode_test
local/score_words.sh: scoring with word insertion penalty=0.0,0.5,1.0
step5.generate WER...
%WER 51.63 [ 808 / 1565, 84 ins, 100 del, 624 sub ] exp/word/tri_2000.500/decode_test/wer_11_0.5
---->>> finishing test cycle, delete exp/word/tri_2000.500...
----->>> testing ---- leaf: 500, gauss number: 2500 <<<-------
step1.train triphone model ...
step2.make graph...
step3.decode...
step4.scoring...
local/score_words.sh data/test_words exp/word/tri_2500.500/graph exp/word/tri_2500.500/decode_test
local/score_words.sh: scoring with word insertion penalty=0.0,0.5,1.0
step5.generate WER...
%WER 51.50 [ 806 / 1565, 77 ins, 104 del, 625 sub ] exp/word/tri_2500.500/decode_test/wer_12_0.5
---->>> finishing test cycle, delete exp/word/tri_2500.500...
----->>> testing ---- leaf: 500, gauss number: 3000 <<<-------
step1.train triphone model ...
step2.make graph...
step3.decode...
step4.scoring...
local/score_words.sh data/test_words exp/word/tri_3000.500/graph exp/word/tri_3000.500/decode_test
local/score_words.sh: scoring with word insertion penalty=0.0,0.5,1.0
step5.generate WER...
%WER 51.18 [ 801 / 1565, 103 ins, 84 del, 614 sub ] exp/word/tri_3000.500/decode_test/wer_10_0.5
---->>> finishing test cycle, delete exp/word/tri_3000.500...
----->>> testing ---- leaf: 500, gauss number: 3500 <<<-------
step1.train triphone model ...
step2.make graph...
step3.decode...
step4.scoring...
local/score_words.sh data/test_words exp/word/tri_3500.500/graph exp/word/tri_3500.500/decode_test
local/score_words.sh: scoring with word insertion penalty=0.0,0.5,1.0
step5.generate WER...
%WER 50.29 [ 787 / 1565, 94 ins, 84 del, 609 sub ] exp/word/tri_3500.500/decode_test/wer_9_1.0
---->>> finishing test cycle, delete exp/word/tri_3500.500...
----->>> testing ---- leaf: 500, gauss number: 4000 <<<-------
step1.train triphone model ...
step2.make graph...
step3.decode...
step4.scoring...
local/score_words.sh data/test_words exp/word/tri_4000.500/graph exp/word/tri_4000.500/decode_test
local/score_words.sh: scoring with word insertion penalty=0.0,0.5,1.0
step5.generate WER...
%WER 50.80 [ 795 / 1565, 95 ins, 79 del, 621 sub ] exp/word/tri_4000.500/decode_test/wer_9_1.0
---->>> finishing test cycle, delete exp/word/tri_4000.500...
----->>> testing ---- leaf: 500, gauss number: 4500 <<<-------
step1.train triphone model ...
step2.make graph...
step3.decode...
step4.scoring...
local/score_words.sh data/test_words exp/word/tri_4500.500/graph exp/word/tri_4500.500/decode_test
local/score_words.sh: scoring with word insertion penalty=0.0,0.5,1.0
step5.generate WER...
%WER 50.16 [ 785 / 1565, 113 ins, 74 del, 598 sub ] exp/word/tri_4500.500/decode_test/wer_9_0.5
---->>> finishing test cycle, delete exp/word/tri_4500.500...
----->>> testing ---- leaf: 500, gauss number: 5000 <<<-------
step1.train triphone model ...
step2.make graph...
step3.decode...
step4.scoring...
local/score_words.sh data/test_words exp/word/tri_5000.500/graph exp/word/tri_5000.500/decode_test
local/score_words.sh: scoring with word insertion penalty=0.0,0.5,1.0
step5.generate WER...
%WER 49.07 [ 768 / 1565, 83 ins, 96 del, 589 sub ] exp/word/tri_5000.500/decode_test/wer_10_1.0
---->>> finishing test cycle, delete exp/word/tri_5000.500...
----->>> testing ---- leaf: 500, gauss number: 5500 <<<-------
step1.train triphone model ...
step2.make graph...
step3.decode...
step4.scoring...
local/score_words.sh data/test_words exp/word/tri_5500.500/graph exp/word/tri_5500.500/decode_test
local/score_words.sh: scoring with word insertion penalty=0.0,0.5,1.0
step5.generate WER...
%WER 50.22 [ 786 / 1565, 94 ins, 81 del, 611 sub ] exp/word/tri_5500.500/decode_test/wer_9_1.0
---->>> finishing test cycle, delete exp/word/tri_5500.500...
----->>> testing ---- leaf: 500, gauss number: 6000 <<<-------
step1.train triphone model ...
step2.make graph...
step3.decode...
step4.scoring...
local/score_words.sh data/test_words exp/word/tri_6000.500/graph exp/word/tri_6000.500/decode_test
local/score_words.sh: scoring with word insertion penalty=0.0,0.5,1.0
step5.generate WER...
%WER 49.01 [ 767 / 1565, 102 ins, 72 del, 593 sub ] exp/word/tri_6000.500/decode_test/wer_8_1.0
---->>> finishing test cycle, delete exp/word/tri_6000.500...
----->>> testing ---- leaf: 500, gauss number: 6500 <<<-------
step1.train triphone model ...
step2.make graph...
step3.decode...
step4.scoring...
local/score_words.sh data/test_words exp/word/tri_6500.500/graph exp/word/tri_6500.500/decode_test
local/score_words.sh: scoring with word insertion penalty=0.0,0.5,1.0
step5.generate WER...
%WER 49.27 [ 771 / 1565, 99 ins, 78 del, 594 sub ] exp/word/tri_6500.500/decode_test/wer_9_1.0
---->>> finishing test cycle, delete exp/word/tri_6500.500...
----->>> testing ---- leaf: 500, gauss number: 7000 <<<-------
step1.train triphone model ...
step2.make graph...
step3.decode...
step4.scoring...
local/score_words.sh data/test_words exp/word/tri_7000.500/graph exp/word/tri_7000.500/decode_test
local/score_words.sh: scoring with word insertion penalty=0.0,0.5,1.0
step5.generate WER...
%WER 48.56 [ 760 / 1565, 72 ins, 104 del, 584 sub ] exp/word/tri_7000.500/decode_test/wer_11_1.0
---->>> finishing test cycle, delete exp/word/tri_7000.500...
----->>> testing ---- leaf: 500, gauss number: 7500 <<<-------
step1.train triphone model ...
step2.make graph...
step3.decode...
step4.scoring...
local/score_words.sh data/test_words exp/word/tri_7500.500/graph exp/word/tri_7500.500/decode_test
local/score_words.sh: scoring with word insertion penalty=0.0,0.5,1.0
step5.generate WER...
%WER 49.27 [ 771 / 1565, 89 ins, 93 del, 589 sub ] exp/word/tri_7500.500/decode_test/wer_10_1.0
---->>> finishing test cycle, delete exp/word/tri_7500.500...
----->>> testing ---- leaf: 500, gauss number: 8000 <<<-------
step1.train triphone model ...
step2.make graph...
step3.decode...
step4.scoring...
local/score_words.sh data/test_words exp/word/tri_8000.500/graph exp/word/tri_8000.500/decode_test
local/score_words.sh: scoring with word insertion penalty=0.0,0.5,1.0
step5.generate WER...
%WER 48.37 [ 757 / 1565, 103 ins, 69 del, 585 sub ] exp/word/tri_8000.500/decode_test/wer_8_1.0
---->>> finishing test cycle, delete exp/word/tri_8000.500...
----->>> testing ---- leaf: 500, gauss number: 8500 <<<-------
step1.train triphone model ...
step2.make graph...
step3.decode...
step4.scoring...
local/score_words.sh data/test_words exp/word/tri_8500.500/graph exp/word/tri_8500.500/decode_test
local/score_words.sh: scoring with word insertion penalty=0.0,0.5,1.0
step5.generate WER...
%WER 49.71 [ 778 / 1565, 86 ins, 86 del, 606 sub ] exp/word/tri_8500.500/decode_test/wer_10_1.0
---->>> finishing test cycle, delete exp/word/tri_8500.500...
----->>> testing ---- leaf: 500, gauss number: 9000 <<<-------
step1.train triphone model ...
step2.make graph...
step3.decode...
step4.scoring...
local/score_words.sh data/test_words exp/word/tri_9000.500/graph exp/word/tri_9000.500/decode_test
local/score_words.sh: scoring with word insertion penalty=0.0,0.5,1.0
step5.generate WER...
%WER 49.27 [ 771 / 1565, 96 ins, 80 del, 595 sub ] exp/word/tri_9000.500/decode_test/wer_10_1.0
---->>> finishing test cycle, delete exp/word/tri_9000.500...
----->>> testing ---- leaf: 500, gauss number: 9500 <<<-------
step1.train triphone model ...
step2.make graph...
step3.decode...
step4.scoring...
local/score_words.sh data/test_words exp/word/tri_9500.500/graph exp/word/tri_9500.500/decode_test
local/score_words.sh: scoring with word insertion penalty=0.0,0.5,1.0
step5.generate WER...
%WER 48.43 [ 758 / 1565, 101 ins, 72 del, 585 sub ] exp/word/tri_9500.500/decode_test/wer_8_1.0
---->>> finishing test cycle, delete exp/word/tri_9500.500...
----->>> testing ---- leaf: 500, gauss number: 10000 <<<-------
step1.train triphone model ...
step2.make graph...
step3.decode...
step4.scoring...
local/score_words.sh data/test_words exp/word/tri_10000.500/graph exp/word/tri_10000.500/decode_test
local/score_words.sh: scoring with word insertion penalty=0.0,0.5,1.0
step5.generate WER...
%WER 48.82 [ 764 / 1565, 121 ins, 59 del, 584 sub ] exp/word/tri_10000.500/decode_test/wer_9_0.5
---->>> finishing test cycle, delete exp/word/tri_10000.500...
----->>> testing ---- leaf: 550, gauss number: 550 <<<-------
step1.train triphone model ...
step2.make graph...
step3.decode...
step4.scoring...
local/score_words.sh data/test_words exp/word/tri_550.550/graph exp/word/tri_550.550/decode_test
local/score_words.sh: scoring with word insertion penalty=0.0,0.5,1.0
step5.generate WER...
%WER 60.06 [ 940 / 1565, 77 ins, 134 del, 729 sub ] exp/word/tri_550.550/decode_test/wer_11_1.0
---->>> finishing test cycle, delete exp/word/tri_550.550...
----->>> testing ---- leaf: 550, gauss number: 1100 <<<-------
step1.train triphone model ...
step2.make graph...
step3.decode...
step4.scoring...
local/score_words.sh data/test_words exp/word/tri_1100.550/graph exp/word/tri_1100.550/decode_test
local/score_words.sh: scoring with word insertion penalty=0.0,0.5,1.0
step5.generate WER...
%WER 54.95 [ 860 / 1565, 86 ins, 116 del, 658 sub ] exp/word/tri_1100.550/decode_test/wer_12_0.5
---->>> finishing test cycle, delete exp/word/tri_1100.550...
----->>> testing ---- leaf: 550, gauss number: 1650 <<<-------
step1.train triphone model ...
step2.make graph...
step3.decode...
step4.scoring...
local/score_words.sh data/test_words exp/word/tri_1650.550/graph exp/word/tri_1650.550/decode_test
local/score_words.sh: scoring with word insertion penalty=0.0,0.5,1.0
step5.generate WER...
%WER 53.10 [ 831 / 1565, 88 ins, 110 del, 633 sub ] exp/word/tri_1650.550/decode_test/wer_10_1.0
---->>> finishing test cycle, delete exp/word/tri_1650.550...
----->>> testing ---- leaf: 550, gauss number: 2200 <<<-------
step1.train triphone model ...
step2.make graph...
step3.decode...
step4.scoring...
local/score_words.sh data/test_words exp/word/tri_2200.550/graph exp/word/tri_2200.550/decode_test
local/score_words.sh: scoring with word insertion penalty=0.0,0.5,1.0
step5.generate WER...
%WER 51.82 [ 811 / 1565, 95 ins, 97 del, 619 sub ] exp/word/tri_2200.550/decode_test/wer_9_1.0
---->>> finishing test cycle, delete exp/word/tri_2200.550...
----->>> testing ---- leaf: 550, gauss number: 2750 <<<-------
step1.train triphone model ...
step2.make graph...
step3.decode...
step4.scoring...
local/score_words.sh data/test_words exp/word/tri_2750.550/graph exp/word/tri_2750.550/decode_test
local/score_words.sh: scoring with word insertion penalty=0.0,0.5,1.0
step5.generate WER...
%WER 51.69 [ 809 / 1565, 103 ins, 86 del, 620 sub ] exp/word/tri_2750.550/decode_test/wer_9_1.0
---->>> finishing test cycle, delete exp/word/tri_2750.550...
----->>> testing ---- leaf: 550, gauss number: 3300 <<<-------
step1.train triphone model ...
step2.make graph...
step3.decode...
step4.scoring...
local/score_words.sh data/test_words exp/word/tri_3300.550/graph exp/word/tri_3300.550/decode_test
local/score_words.sh: scoring with word insertion penalty=0.0,0.5,1.0
step5.generate WER...
%WER 51.05 [ 799 / 1565, 90 ins, 93 del, 616 sub ] exp/word/tri_3300.550/decode_test/wer_10_1.0
---->>> finishing test cycle, delete exp/word/tri_3300.550...
----->>> testing ---- leaf: 550, gauss number: 3850 <<<-------
step1.train triphone model ...
step2.make graph...
step3.decode...
step4.scoring...
local/score_words.sh data/test_words exp/word/tri_3850.550/graph exp/word/tri_3850.550/decode_test
local/score_words.sh: scoring with word insertion penalty=0.0,0.5,1.0
step5.generate WER...
%WER 49.27 [ 771 / 1565, 80 ins, 87 del, 604 sub ] exp/word/tri_3850.550/decode_test/wer_10_1.0
---->>> finishing test cycle, delete exp/word/tri_3850.550...
----->>> testing ---- leaf: 550, gauss number: 4400 <<<-------
step1.train triphone model ...
step2.make graph...
step3.decode...
step4.scoring...
local/score_words.sh data/test_words exp/word/tri_4400.550/graph exp/word/tri_4400.550/decode_test
local/score_words.sh: scoring with word insertion penalty=0.0,0.5,1.0
step5.generate WER...
%WER 48.82 [ 764 / 1565, 86 ins, 98 del, 580 sub ] exp/word/tri_4400.550/decode_test/wer_11_1.0
---->>> finishing test cycle, delete exp/word/tri_4400.550...
----->>> testing ---- leaf: 550, gauss number: 4950 <<<-------
step1.train triphone model ...
step2.make graph...
step3.decode...
step4.scoring...
local/score_words.sh data/test_words exp/word/tri_4950.550/graph exp/word/tri_4950.550/decode_test
local/score_words.sh: scoring with word insertion penalty=0.0,0.5,1.0
step5.generate WER...
%WER 48.63 [ 761 / 1565, 92 ins, 70 del, 599 sub ] exp/word/tri_4950.550/decode_test/wer_9_1.0
---->>> finishing test cycle, delete exp/word/tri_4950.550...
----->>> testing ---- leaf: 550, gauss number: 5500 <<<-------
step1.train triphone model ...
step2.make graph...
step3.decode...
step4.scoring...
local/score_words.sh data/test_words exp/word/tri_5500.550/graph exp/word/tri_5500.550/decode_test
local/score_words.sh: scoring with word insertion penalty=0.0,0.5,1.0
step5.generate WER...
%WER 48.37 [ 757 / 1565, 97 ins, 77 del, 583 sub ] exp/word/tri_5500.550/decode_test/wer_10_1.0
---->>> finishing test cycle, delete exp/word/tri_5500.550...
----->>> testing ---- leaf: 550, gauss number: 6050 <<<-------
step1.train triphone model ...
step2.make graph...
step3.decode...
step4.scoring...
local/score_words.sh data/test_words exp/word/tri_6050.550/graph exp/word/tri_6050.550/decode_test
local/score_words.sh: scoring with word insertion penalty=0.0,0.5,1.0
step5.generate WER...
%WER 49.84 [ 780 / 1565, 111 ins, 68 del, 601 sub ] exp/word/tri_6050.550/decode_test/wer_9_1.0
---->>> finishing test cycle, delete exp/word/tri_6050.550...
----->>> testing ---- leaf: 550, gauss number: 6600 <<<-------
step1.train triphone model ...
step2.make graph...
step3.decode...
step4.scoring...
local/score_words.sh data/test_words exp/word/tri_6600.550/graph exp/word/tri_6600.550/decode_test
local/score_words.sh: scoring with word insertion penalty=0.0,0.5,1.0
step5.generate WER...
%WER 48.12 [ 753 / 1565, 100 ins, 79 del, 574 sub ] exp/word/tri_6600.550/decode_test/wer_9_1.0
---->>> finishing test cycle, delete exp/word/tri_6600.550...
----->>> testing ---- leaf: 550, gauss number: 7150 <<<-------
step1.train triphone model ...
step2.make graph...
step3.decode...
step4.scoring...
local/score_words.sh data/test_words exp/word/tri_7150.550/graph exp/word/tri_7150.550/decode_test
local/score_words.sh: scoring with word insertion penalty=0.0,0.5,1.0
step5.generate WER...
%WER 48.63 [ 761 / 1565, 90 ins, 94 del, 577 sub ] exp/word/tri_7150.550/decode_test/wer_10_1.0
---->>> finishing test cycle, delete exp/word/tri_7150.550...
----->>> testing ---- leaf: 550, gauss number: 7700 <<<-------
step1.train triphone model ...
step2.make graph...
step3.decode...
step4.scoring...
local/score_words.sh data/test_words exp/word/tri_7700.550/graph exp/word/tri_7700.550/decode_test
local/score_words.sh: scoring with word insertion penalty=0.0,0.5,1.0
step5.generate WER...
%WER 48.95 [ 766 / 1565, 114 ins, 72 del, 580 sub ] exp/word/tri_7700.550/decode_test/wer_8_1.0
---->>> finishing test cycle, delete exp/word/tri_7700.550...
----->>> testing ---- leaf: 550, gauss number: 8250 <<<-------
step1.train triphone model ...
step2.make graph...
step3.decode...
step4.scoring...
local/score_words.sh data/test_words exp/word/tri_8250.550/graph exp/word/tri_8250.550/decode_test
local/score_words.sh: scoring with word insertion penalty=0.0,0.5,1.0
step5.generate WER...
%WER 48.56 [ 760 / 1565, 91 ins, 86 del, 583 sub ] exp/word/tri_8250.550/decode_test/wer_10_1.0
---->>> finishing test cycle, delete exp/word/tri_8250.550...
----->>> testing ---- leaf: 550, gauss number: 8800 <<<-------
step1.train triphone model ...
step2.make graph...
step3.decode...
step4.scoring...
local/score_words.sh data/test_words exp/word/tri_8800.550/graph exp/word/tri_8800.550/decode_test
local/score_words.sh: scoring with word insertion penalty=0.0,0.5,1.0
step5.generate WER...
%WER 49.39 [ 773 / 1565, 112 ins, 74 del, 587 sub ] exp/word/tri_8800.550/decode_test/wer_9_1.0
---->>> finishing test cycle, delete exp/word/tri_8800.550...
----->>> testing ---- leaf: 550, gauss number: 9350 <<<-------
step1.train triphone model ...
step2.make graph...
step3.decode...
step4.scoring...
local/score_words.sh data/test_words exp/word/tri_9350.550/graph exp/word/tri_9350.550/decode_test
local/score_words.sh: scoring with word insertion penalty=0.0,0.5,1.0
step5.generate WER...
%WER 49.78 [ 779 / 1565, 108 ins, 79 del, 592 sub ] exp/word/tri_9350.550/decode_test/wer_9_1.0
---->>> finishing test cycle, delete exp/word/tri_9350.550...
----->>> testing ---- leaf: 550, gauss number: 9900 <<<-------
step1.train triphone model ...
step2.make graph...
step3.decode...
step4.scoring...
local/score_words.sh data/test_words exp/word/tri_9900.550/graph exp/word/tri_9900.550/decode_test
local/score_words.sh: scoring with word insertion penalty=0.0,0.5,1.0
step5.generate WER...
%WER 49.90 [ 781 / 1565, 95 ins, 91 del, 595 sub ] exp/word/tri_9900.550/decode_test/wer_10_1.0
---->>> finishing test cycle, delete exp/word/tri_9900.550...
----->>> testing ---- leaf: 550, gauss number: 10450 <<<-------
step1.train triphone model ...
step2.make graph...
step3.decode...
step4.scoring...
local/score_words.sh data/test_words exp/word/tri_10450.550/graph exp/word/tri_10450.550/decode_test
local/score_words.sh: scoring with word insertion penalty=0.0,0.5,1.0
step5.generate WER...
%WER 50.93 [ 797 / 1565, 115 ins, 73 del, 609 sub ] exp/word/tri_10450.550/decode_test/wer_10_0.5
---->>> finishing test cycle, delete exp/word/tri_10450.550...
----->>> testing ---- leaf: 550, gauss number: 11000 <<<-------
step1.train triphone model ...
step2.make graph...
step3.decode...
step4.scoring...
local/score_words.sh data/test_words exp/word/tri_11000.550/graph exp/word/tri_11000.550/decode_test
local/score_words.sh: scoring with word insertion penalty=0.0,0.5,1.0
step5.generate WER...
%WER 47.41 [ 742 / 1565, 87 ins, 81 del, 574 sub ] exp/word/tri_11000.550/decode_test/wer_10_1.0
---->>> finishing test cycle, delete exp/word/tri_11000.550...
----->>> testing ---- leaf: 600, gauss number: 600 <<<-------
step1.train triphone model ...
step2.make graph...
step3.decode...
step4.scoring...
local/score_words.sh data/test_words exp/word/tri_600.600/graph exp/word/tri_600.600/decode_test
local/score_words.sh: scoring with word insertion penalty=0.0,0.5,1.0
step5.generate WER...
%WER 59.04 [ 924 / 1565, 79 ins, 132 del, 713 sub ] exp/word/tri_600.600/decode_test/wer_11_1.0
---->>> finishing test cycle, delete exp/word/tri_600.600...
----->>> testing ---- leaf: 600, gauss number: 1200 <<<-------
step1.train triphone model ...
step2.make graph...
step3.decode...
step4.scoring...
local/score_words.sh data/test_words exp/word/tri_1200.600/graph exp/word/tri_1200.600/decode_test
local/score_words.sh: scoring with word insertion penalty=0.0,0.5,1.0
step5.generate WER...
%WER 53.93 [ 844 / 1565, 89 ins, 117 del, 638 sub ] exp/word/tri_1200.600/decode_test/wer_10_1.0
---->>> finishing test cycle, delete exp/word/tri_1200.600...
----->>> testing ---- leaf: 600, gauss number: 1800 <<<-------
step1.train triphone model ...
step2.make graph...
step3.decode...
step4.scoring...
local/score_words.sh data/test_words exp/word/tri_1800.600/graph exp/word/tri_1800.600/decode_test
local/score_words.sh: scoring with word insertion penalty=0.0,0.5,1.0
step5.generate WER...
%WER 51.57 [ 807 / 1565, 95 ins, 98 del, 614 sub ] exp/word/tri_1800.600/decode_test/wer_11_0.5
---->>> finishing test cycle, delete exp/word/tri_1800.600...
----->>> testing ---- leaf: 600, gauss number: 2400 <<<-------
step1.train triphone model ...
step2.make graph...
step3.decode...
step4.scoring...
local/score_words.sh data/test_words exp/word/tri_2400.600/graph exp/word/tri_2400.600/decode_test
local/score_words.sh: scoring with word insertion penalty=0.0,0.5,1.0
step5.generate WER...
%WER 50.61 [ 792 / 1565, 109 ins, 82 del, 601 sub ] exp/word/tri_2400.600/decode_test/wer_10_0.5
---->>> finishing test cycle, delete exp/word/tri_2400.600...
----->>> testing ---- leaf: 600, gauss number: 3000 <<<-------
step1.train triphone model ...
step2.make graph...
step3.decode...
step4.scoring...
local/score_words.sh data/test_words exp/word/tri_3000.600/graph exp/word/tri_3000.600/decode_test
local/score_words.sh: scoring with word insertion penalty=0.0,0.5,1.0
step5.generate WER...
%WER 50.99 [ 798 / 1565, 80 ins, 101 del, 617 sub ] exp/word/tri_3000.600/decode_test/wer_11_1.0
---->>> finishing test cycle, delete exp/word/tri_3000.600...
----->>> testing ---- leaf: 600, gauss number: 3600 <<<-------
step1.train triphone model ...
step2.make graph...
step3.decode...
step4.scoring...
local/score_words.sh data/test_words exp/word/tri_3600.600/graph exp/word/tri_3600.600/decode_test
local/score_words.sh: scoring with word insertion penalty=0.0,0.5,1.0
step5.generate WER...
%WER 51.18 [ 801 / 1565, 75 ins, 116 del, 610 sub ] exp/word/tri_3600.600/decode_test/wer_12_1.0
---->>> finishing test cycle, delete exp/word/tri_3600.600...
----->>> testing ---- leaf: 600, gauss number: 4200 <<<-------
step1.train triphone model ...
step2.make graph...
step3.decode...
step4.scoring...
local/score_words.sh data/test_words exp/word/tri_4200.600/graph exp/word/tri_4200.600/decode_test
local/score_words.sh: scoring with word insertion penalty=0.0,0.5,1.0
step5.generate WER...
%WER 49.46 [ 774 / 1565, 102 ins, 73 del, 599 sub ] exp/word/tri_4200.600/decode_test/wer_11_0.0
---->>> finishing test cycle, delete exp/word/tri_4200.600...
----->>> testing ---- leaf: 600, gauss number: 4800 <<<-------
step1.train triphone model ...
step2.make graph...
step3.decode...
step4.scoring...
local/score_words.sh data/test_words exp/word/tri_4800.600/graph exp/word/tri_4800.600/decode_test
local/score_words.sh: scoring with word insertion penalty=0.0,0.5,1.0
step5.generate WER...
%WER 50.48 [ 790 / 1565, 80 ins, 104 del, 606 sub ] exp/word/tri_4800.600/decode_test/wer_13_0.5
---->>> finishing test cycle, delete exp/word/tri_4800.600...
----->>> testing ---- leaf: 600, gauss number: 5400 <<<-------
step1.train triphone model ...
step2.make graph...
step3.decode...
step4.scoring...
local/score_words.sh data/test_words exp/word/tri_5400.600/graph exp/word/tri_5400.600/decode_test
local/score_words.sh: scoring with word insertion penalty=0.0,0.5,1.0
step5.generate WER...
%WER 49.39 [ 773 / 1565, 104 ins, 74 del, 595 sub ] exp/word/tri_5400.600/decode_test/wer_10_0.5
---->>> finishing test cycle, delete exp/word/tri_5400.600...
----->>> testing ---- leaf: 600, gauss number: 6000 <<<-------
step1.train triphone model ...
step2.make graph...
step3.decode...
step4.scoring...
local/score_words.sh data/test_words exp/word/tri_6000.600/graph exp/word/tri_6000.600/decode_test
local/score_words.sh: scoring with word insertion penalty=0.0,0.5,1.0
step5.generate WER...
%WER 49.97 [ 782 / 1565, 79 ins, 113 del, 590 sub ] exp/word/tri_6000.600/decode_test/wer_12_1.0
---->>> finishing test cycle, delete exp/word/tri_6000.600...
----->>> testing ---- leaf: 600, gauss number: 6600 <<<-------
step1.train triphone model ...
step2.make graph...
step3.decode...
step4.scoring...
local/score_words.sh data/test_words exp/word/tri_6600.600/graph exp/word/tri_6600.600/decode_test
local/score_words.sh: scoring with word insertion penalty=0.0,0.5,1.0
step5.generate WER...
%WER 47.28 [ 740 / 1565, 92 ins, 89 del, 559 sub ] exp/word/tri_6600.600/decode_test/wer_10_1.0
---->>> finishing test cycle, delete exp/word/tri_6600.600...
----->>> testing ---- leaf: 600, gauss number: 7200 <<<-------
step1.train triphone model ...
step2.make graph...
step3.decode...
step4.scoring...
local/score_words.sh data/test_words exp/word/tri_7200.600/graph exp/word/tri_7200.600/decode_test
local/score_words.sh: scoring with word insertion penalty=0.0,0.5,1.0
step5.generate WER...
%WER 49.39 [ 773 / 1565, 88 ins, 94 del, 591 sub ] exp/word/tri_7200.600/decode_test/wer_11_1.0
---->>> finishing test cycle, delete exp/word/tri_7200.600...
----->>> testing ---- leaf: 600, gauss number: 7800 <<<-------
step1.train triphone model ...
step2.make graph...
step3.decode...
step4.scoring...
local/score_words.sh data/test_words exp/word/tri_7800.600/graph exp/word/tri_7800.600/decode_test
local/score_words.sh: scoring with word insertion penalty=0.0,0.5,1.0
step5.generate WER...
%WER 49.27 [ 771 / 1565, 109 ins, 69 del, 593 sub ] exp/word/tri_7800.600/decode_test/wer_10_0.5
---->>> finishing test cycle, delete exp/word/tri_7800.600...
----->>> testing ---- leaf: 600, gauss number: 8400 <<<-------
step1.train triphone model ...
step2.make graph...
step3.decode...
step4.scoring...
local/score_words.sh data/test_words exp/word/tri_8400.600/graph exp/word/tri_8400.600/decode_test
local/score_words.sh: scoring with word insertion penalty=0.0,0.5,1.0
step5.generate WER...
%WER 49.52 [ 775 / 1565, 90 ins, 93 del, 592 sub ] exp/word/tri_8400.600/decode_test/wer_10_1.0
---->>> finishing test cycle, delete exp/word/tri_8400.600...
----->>> testing ---- leaf: 600, gauss number: 9000 <<<-------
step1.train triphone model ...
step2.make graph...
step3.decode...
step4.scoring...
local/score_words.sh data/test_words exp/word/tri_9000.600/graph exp/word/tri_9000.600/decode_test
local/score_words.sh: scoring with word insertion penalty=0.0,0.5,1.0
step5.generate WER...
%WER 49.58 [ 776 / 1565, 124 ins, 73 del, 579 sub ] exp/word/tri_9000.600/decode_test/wer_10_0.5
---->>> finishing test cycle, delete exp/word/tri_9000.600...
----->>> testing ---- leaf: 600, gauss number: 9600 <<<-------
step1.train triphone model ...
step2.make graph...
step3.decode...
step4.scoring...
local/score_words.sh data/test_words exp/word/tri_9600.600/graph exp/word/tri_9600.600/decode_test
local/score_words.sh: scoring with word insertion penalty=0.0,0.5,1.0
step5.generate WER...
%WER 49.58 [ 776 / 1565, 122 ins, 65 del, 589 sub ] exp/word/tri_9600.600/decode_test/wer_8_1.0
---->>> finishing test cycle, delete exp/word/tri_9600.600...
----->>> testing ---- leaf: 600, gauss number: 10200 <<<-------
step1.train triphone model ...
step2.make graph...
step3.decode...
step4.scoring...
local/score_words.sh data/test_words exp/word/tri_10200.600/graph exp/word/tri_10200.600/decode_test
local/score_words.sh: scoring with word insertion penalty=0.0,0.5,1.0
step5.generate WER...
%WER 48.12 [ 753 / 1565, 86 ins, 94 del, 573 sub ] exp/word/tri_10200.600/decode_test/wer_11_1.0
---->>> finishing test cycle, delete exp/word/tri_10200.600...
----->>> testing ---- leaf: 600, gauss number: 10800 <<<-------
step1.train triphone model ...
step2.make graph...
step3.decode...
step4.scoring...
local/score_words.sh data/test_words exp/word/tri_10800.600/graph exp/word/tri_10800.600/decode_test
local/score_words.sh: scoring with word insertion penalty=0.0,0.5,1.0
step5.generate WER...
%WER 49.14 [ 769 / 1565, 75 ins, 112 del, 582 sub ] exp/word/tri_10800.600/decode_test/wer_13_1.0
---->>> finishing test cycle, delete exp/word/tri_10800.600...
----->>> testing ---- leaf: 600, gauss number: 11400 <<<-------
step1.train triphone model ...
step2.make graph...
step3.decode...
step4.scoring...
local/score_words.sh data/test_words exp/word/tri_11400.600/graph exp/word/tri_11400.600/decode_test
local/score_words.sh: scoring with word insertion penalty=0.0,0.5,1.0
step5.generate WER...
%WER 47.48 [ 743 / 1565, 98 ins, 80 del, 565 sub ] exp/word/tri_11400.600/decode_test/wer_10_1.0
---->>> finishing test cycle, delete exp/word/tri_11400.600...
----->>> testing ---- leaf: 600, gauss number: 12000 <<<-------
step1.train triphone model ...
step2.make graph...
step3.decode...
step4.scoring...
local/score_words.sh data/test_words exp/word/tri_12000.600/graph exp/word/tri_12000.600/decode_test
local/score_words.sh: scoring with word insertion penalty=0.0,0.5,1.0
step5.generate WER...
%WER 49.46 [ 774 / 1565, 114 ins, 79 del, 581 sub ] exp/word/tri_12000.600/decode_test/wer_9_1.0
---->>> finishing test cycle, delete exp/word/tri_12000.600...
----->>> testing ---- leaf: 650, gauss number: 650 <<<-------
step1.train triphone model ...
step2.make graph...
step3.decode...
step4.scoring...
local/score_words.sh data/test_words exp/word/tri_650.650/graph exp/word/tri_650.650/decode_test
local/score_words.sh: scoring with word insertion penalty=0.0,0.5,1.0
step5.generate WER...
%WER 58.34 [ 913 / 1565, 82 ins, 136 del, 695 sub ] exp/word/tri_650.650/decode_test/wer_12_1.0
---->>> finishing test cycle, delete exp/word/tri_650.650...
----->>> testing ---- leaf: 650, gauss number: 1300 <<<-------
step1.train triphone model ...
step2.make graph...
step3.decode...
step4.scoring...
local/score_words.sh data/test_words exp/word/tri_1300.650/graph exp/word/tri_1300.650/decode_test
local/score_words.sh: scoring with word insertion penalty=0.0,0.5,1.0
step5.generate WER...
%WER 53.67 [ 840 / 1565, 79 ins, 121 del, 640 sub ] exp/word/tri_1300.650/decode_test/wer_11_1.0
---->>> finishing test cycle, delete exp/word/tri_1300.650...
----->>> testing ---- leaf: 650, gauss number: 1950 <<<-------
step1.train triphone model ...
step2.make graph...
step3.decode...
step4.scoring...
local/score_words.sh data/test_words exp/word/tri_1950.650/graph exp/word/tri_1950.650/decode_test
local/score_words.sh: scoring with word insertion penalty=0.0,0.5,1.0
step5.generate WER...
%WER 51.05 [ 799 / 1565, 90 ins, 95 del, 614 sub ] exp/word/tri_1950.650/decode_test/wer_10_1.0
---->>> finishing test cycle, delete exp/word/tri_1950.650...
----->>> testing ---- leaf: 650, gauss number: 2600 <<<-------
step1.train triphone model ...
step2.make graph...
step3.decode...
step4.scoring...
local/score_words.sh data/test_words exp/word/tri_2600.650/graph exp/word/tri_2600.650/decode_test
local/score_words.sh: scoring with word insertion penalty=0.0,0.5,1.0
step5.generate WER...
%WER 51.31 [ 803 / 1565, 59 ins, 124 del, 620 sub ] exp/word/tri_2600.650/decode_test/wer_13_1.0
---->>> finishing test cycle, delete exp/word/tri_2600.650...
----->>> testing ---- leaf: 650, gauss number: 3250 <<<-------
step1.train triphone model ...
step2.make graph...
step3.decode...
step4.scoring...
local/score_words.sh data/test_words exp/word/tri_3250.650/graph exp/word/tri_3250.650/decode_test
local/score_words.sh: scoring with word insertion penalty=0.0,0.5,1.0
step5.generate WER...
%WER 50.03 [ 783 / 1565, 70 ins, 110 del, 603 sub ] exp/word/tri_3250.650/decode_test/wer_12_1.0
---->>> finishing test cycle, delete exp/word/tri_3250.650...
----->>> testing ---- leaf: 650, gauss number: 3900 <<<-------
step1.train triphone model ...
step2.make graph...
step3.decode...
step4.scoring...
local/score_words.sh data/test_words exp/word/tri_3900.650/graph exp/word/tri_3900.650/decode_test
local/score_words.sh: scoring with word insertion penalty=0.0,0.5,1.0
step5.generate WER...
%WER 50.22 [ 786 / 1565, 95 ins, 82 del, 609 sub ] exp/word/tri_3900.650/decode_test/wer_10_1.0
---->>> finishing test cycle, delete exp/word/tri_3900.650...
----->>> testing ---- leaf: 650, gauss number: 4550 <<<-------
step1.train triphone model ...
step2.make graph...
step3.decode...
step4.scoring...
local/score_words.sh data/test_words exp/word/tri_4550.650/graph exp/word/tri_4550.650/decode_test
local/score_words.sh: scoring with word insertion penalty=0.0,0.5,1.0
step5.generate WER...
%WER 49.90 [ 781 / 1565, 106 ins, 80 del, 595 sub ] exp/word/tri_4550.650/decode_test/wer_9_1.0
---->>> finishing test cycle, delete exp/word/tri_4550.650...
----->>> testing ---- leaf: 650, gauss number: 5200 <<<-------
step1.train triphone model ...
step2.make graph...
step3.decode...
step4.scoring...
local/score_words.sh data/test_words exp/word/tri_5200.650/graph exp/word/tri_5200.650/decode_test
local/score_words.sh: scoring with word insertion penalty=0.0,0.5,1.0
step5.generate WER...
%WER 48.43 [ 758 / 1565, 91 ins, 99 del, 568 sub ] exp/word/tri_5200.650/decode_test/wer_11_1.0
---->>> finishing test cycle, delete exp/word/tri_5200.650...
----->>> testing ---- leaf: 650, gauss number: 5850 <<<-------
step1.train triphone model ...
step2.make graph...
step3.decode...
step4.scoring...
local/score_words.sh data/test_words exp/word/tri_5850.650/graph exp/word/tri_5850.650/decode_test
local/score_words.sh: scoring with word insertion penalty=0.0,0.5,1.0
step5.generate WER...
%WER 48.31 [ 756 / 1565, 106 ins, 72 del, 578 sub ] exp/word/tri_5850.650/decode_test/wer_11_0.5
---->>> finishing test cycle, delete exp/word/tri_5850.650...
----->>> testing ---- leaf: 650, gauss number: 6500 <<<-------
step1.train triphone model ...
step2.make graph...
step3.decode...
step4.scoring...
local/score_words.sh data/test_words exp/word/tri_6500.650/graph exp/word/tri_6500.650/decode_test
local/score_words.sh: scoring with word insertion penalty=0.0,0.5,1.0
step5.generate WER...
%WER 48.56 [ 760 / 1565, 104 ins, 79 del, 577 sub ] exp/word/tri_6500.650/decode_test/wer_10_1.0
---->>> finishing test cycle, delete exp/word/tri_6500.650...
----->>> testing ---- leaf: 650, gauss number: 7150 <<<-------
step1.train triphone model ...
step2.make graph...
step3.decode...
step4.scoring...
local/score_words.sh data/test_words exp/word/tri_7150.650/graph exp/word/tri_7150.650/decode_test
local/score_words.sh: scoring with word insertion penalty=0.0,0.5,1.0
step5.generate WER...
%WER 48.82 [ 764 / 1565, 91 ins, 99 del, 574 sub ] exp/word/tri_7150.650/decode_test/wer_12_1.0
---->>> finishing test cycle, delete exp/word/tri_7150.650...
----->>> testing ---- leaf: 650, gauss number: 7800 <<<-------
step1.train triphone model ...
step2.make graph...
step3.decode...
step4.scoring...
local/score_words.sh data/test_words exp/word/tri_7800.650/graph exp/word/tri_7800.650/decode_test
local/score_words.sh: scoring with word insertion penalty=0.0,0.5,1.0
step5.generate WER...
%WER 49.33 [ 772 / 1565, 89 ins, 103 del, 580 sub ] exp/word/tri_7800.650/decode_test/wer_12_1.0
---->>> finishing test cycle, delete exp/word/tri_7800.650...
----->>> testing ---- leaf: 650, gauss number: 8450 <<<-------
step1.train triphone model ...
step2.make graph...
step3.decode...
step4.scoring...
local/score_words.sh data/test_words exp/word/tri_8450.650/graph exp/word/tri_8450.650/decode_test
local/score_words.sh: scoring with word insertion penalty=0.0,0.5,1.0
step5.generate WER...
%WER 49.58 [ 776 / 1565, 98 ins, 90 del, 588 sub ] exp/word/tri_8450.650/decode_test/wer_12_0.5
---->>> finishing test cycle, delete exp/word/tri_8450.650...
----->>> testing ---- leaf: 650, gauss number: 9100 <<<-------
step1.train triphone model ...
step2.make graph...
step3.decode...
step4.scoring...
local/score_words.sh data/test_words exp/word/tri_9100.650/graph exp/word/tri_9100.650/decode_test
local/score_words.sh: scoring with word insertion penalty=0.0,0.5,1.0
step5.generate WER...
%WER 48.95 [ 766 / 1565, 104 ins, 85 del, 577 sub ] exp/word/tri_9100.650/decode_test/wer_10_1.0
---->>> finishing test cycle, delete exp/word/tri_9100.650...
----->>> testing ---- leaf: 650, gauss number: 9750 <<<-------
step1.train triphone model ...
step2.make graph...
step3.decode...
step4.scoring...
local/score_words.sh data/test_words exp/word/tri_9750.650/graph exp/word/tri_9750.650/decode_test
local/score_words.sh: scoring with word insertion penalty=0.0,0.5,1.0
step5.generate WER...
%WER 50.48 [ 790 / 1565, 109 ins, 89 del, 592 sub ] exp/word/tri_9750.650/decode_test/wer_10_1.0
---->>> finishing test cycle, delete exp/word/tri_9750.650...
----->>> testing ---- leaf: 650, gauss number: 10400 <<<-------
step1.train triphone model ...
step2.make graph...
step3.decode...
step4.scoring...
local/score_words.sh data/test_words exp/word/tri_10400.650/graph exp/word/tri_10400.650/decode_test
local/score_words.sh: scoring with word insertion penalty=0.0,0.5,1.0
step5.generate WER...
%WER 47.60 [ 745 / 1565, 111 ins, 73 del, 561 sub ] exp/word/tri_10400.650/decode_test/wer_9_1.0
---->>> finishing test cycle, delete exp/word/tri_10400.650...
----->>> testing ---- leaf: 650, gauss number: 11050 <<<-------
step1.train triphone model ...
step2.make graph...
step3.decode...
step4.scoring...
local/score_words.sh data/test_words exp/word/tri_11050.650/graph exp/word/tri_11050.650/decode_test
local/score_words.sh: scoring with word insertion penalty=0.0,0.5,1.0
step5.generate WER...
%WER 48.75 [ 763 / 1565, 108 ins, 75 del, 580 sub ] exp/word/tri_11050.650/decode_test/wer_10_1.0
---->>> finishing test cycle, delete exp/word/tri_11050.650...
----->>> testing ---- leaf: 650, gauss number: 11700 <<<-------
step1.train triphone model ...
step2.make graph...
step3.decode...
step4.scoring...
local/score_words.sh data/test_words exp/word/tri_11700.650/graph exp/word/tri_11700.650/decode_test
local/score_words.sh: scoring with word insertion penalty=0.0,0.5,1.0
step5.generate WER...
%WER 49.39 [ 773 / 1565, 108 ins, 75 del, 590 sub ] exp/word/tri_11700.650/decode_test/wer_10_1.0
---->>> finishing test cycle, delete exp/word/tri_11700.650...
----->>> testing ---- leaf: 650, gauss number: 12350 <<<-------
step1.train triphone model ...
step2.make graph...
step3.decode...
step4.scoring...
local/score_words.sh data/test_words exp/word/tri_12350.650/graph exp/word/tri_12350.650/decode_test
local/score_words.sh: scoring with word insertion penalty=0.0,0.5,1.0
step5.generate WER...
%WER 48.24 [ 755 / 1565, 81 ins, 100 del, 574 sub ] exp/word/tri_12350.650/decode_test/wer_12_1.0
---->>> finishing test cycle, delete exp/word/tri_12350.650...
----->>> testing ---- leaf: 650, gauss number: 13000 <<<-------
step1.train triphone model ...
step2.make graph...
step3.decode...
step4.scoring...
local/score_words.sh data/test_words exp/word/tri_13000.650/graph exp/word/tri_13000.650/decode_test
local/score_words.sh: scoring with word insertion penalty=0.0,0.5,1.0
step5.generate WER...
%WER 47.86 [ 749 / 1565, 107 ins, 71 del, 571 sub ] exp/word/tri_13000.650/decode_test/wer_9_1.0
---->>> finishing test cycle, delete exp/word/tri_13000.650...
----->>> testing ---- leaf: 700, gauss number: 700 <<<-------
step1.train triphone model ...
step2.make graph...
step3.decode...
step4.scoring...
local/score_words.sh data/test_words exp/word/tri_700.700/graph exp/word/tri_700.700/decode_test
local/score_words.sh: scoring with word insertion penalty=0.0,0.5,1.0
step5.generate WER...
%WER 57.32 [ 897 / 1565, 75 ins, 130 del, 692 sub ] exp/word/tri_700.700/decode_test/wer_13_1.0
---->>> finishing test cycle, delete exp/word/tri_700.700...
----->>> testing ---- leaf: 700, gauss number: 1400 <<<-------
step1.train triphone model ...
step2.make graph...
step3.decode...
step4.scoring...
local/score_words.sh data/test_words exp/word/tri_1400.700/graph exp/word/tri_1400.700/decode_test
local/score_words.sh: scoring with word insertion penalty=0.0,0.5,1.0
step5.generate WER...
%WER 52.59 [ 823 / 1565, 95 ins, 95 del, 633 sub ] exp/word/tri_1400.700/decode_test/wer_10_1.0
---->>> finishing test cycle, delete exp/word/tri_1400.700...
----->>> testing ---- leaf: 700, gauss number: 2100 <<<-------
step1.train triphone model ...
step2.make graph...
step3.decode...
step4.scoring...
local/score_words.sh data/test_words exp/word/tri_2100.700/graph exp/word/tri_2100.700/decode_test
local/score_words.sh: scoring with word insertion penalty=0.0,0.5,1.0
step5.generate WER...
%WER 51.31 [ 803 / 1565, 105 ins, 80 del, 618 sub ] exp/word/tri_2100.700/decode_test/wer_10_0.5
---->>> finishing test cycle, delete exp/word/tri_2100.700...
----->>> testing ---- leaf: 700, gauss number: 2800 <<<-------
step1.train triphone model ...
step2.make graph...
step3.decode...
step4.scoring...
local/score_words.sh data/test_words exp/word/tri_2800.700/graph exp/word/tri_2800.700/decode_test
local/score_words.sh: scoring with word insertion penalty=0.0,0.5,1.0
step5.generate WER...
%WER 51.05 [ 799 / 1565, 104 ins, 80 del, 615 sub ] exp/word/tri_2800.700/decode_test/wer_12_0.0
---->>> finishing test cycle, delete exp/word/tri_2800.700...
----->>> testing ---- leaf: 700, gauss number: 3500 <<<-------
step1.train triphone model ...
step2.make graph...
step3.decode...
step4.scoring...
local/score_words.sh data/test_words exp/word/tri_3500.700/graph exp/word/tri_3500.700/decode_test
local/score_words.sh: scoring with word insertion penalty=0.0,0.5,1.0
step5.generate WER...
%WER 49.84 [ 780 / 1565, 113 ins, 70 del, 597 sub ] exp/word/tri_3500.700/decode_test/wer_8_1.0
---->>> finishing test cycle, delete exp/word/tri_3500.700...
----->>> testing ---- leaf: 700, gauss number: 4200 <<<-------
step1.train triphone model ...
step2.make graph...
step3.decode...
step4.scoring...
local/score_words.sh data/test_words exp/word/tri_4200.700/graph exp/word/tri_4200.700/decode_test
local/score_words.sh: scoring with word insertion penalty=0.0,0.5,1.0
step5.generate WER...
%WER 50.03 [ 783 / 1565, 109 ins, 72 del, 602 sub ] exp/word/tri_4200.700/decode_test/wer_11_0.5
---->>> finishing test cycle, delete exp/word/tri_4200.700...
----->>> testing ---- leaf: 700, gauss number: 4900 <<<-------
step1.train triphone model ...
step2.make graph...
step3.decode...
step4.scoring...
local/score_words.sh data/test_words exp/word/tri_4900.700/graph exp/word/tri_4900.700/decode_test
local/score_words.sh: scoring with word insertion penalty=0.0,0.5,1.0
step5.generate WER...
%WER 49.14 [ 769 / 1565, 109 ins, 70 del, 590 sub ] exp/word/tri_4900.700/decode_test/wer_9_1.0
---->>> finishing test cycle, delete exp/word/tri_4900.700...
----->>> testing ---- leaf: 700, gauss number: 5600 <<<-------
step1.train triphone model ...
step2.make graph...
step3.decode...
step4.scoring...
local/score_words.sh data/test_words exp/word/tri_5600.700/graph exp/word/tri_5600.700/decode_test
local/score_words.sh: scoring with word insertion penalty=0.0,0.5,1.0
step5.generate WER...
%WER 48.18 [ 754 / 1565, 98 ins, 81 del, 575 sub ] exp/word/tri_5600.700/decode_test/wer_12_0.5
---->>> finishing test cycle, delete exp/word/tri_5600.700...
----->>> testing ---- leaf: 700, gauss number: 6300 <<<-------
step1.train triphone model ...
step2.make graph...
step3.decode...
step4.scoring...
local/score_words.sh data/test_words exp/word/tri_6300.700/graph exp/word/tri_6300.700/decode_test
local/score_words.sh: scoring with word insertion penalty=0.0,0.5,1.0
step5.generate WER...
%WER 48.75 [ 763 / 1565, 105 ins, 84 del, 574 sub ] exp/word/tri_6300.700/decode_test/wer_10_1.0
---->>> finishing test cycle, delete exp/word/tri_6300.700...
----->>> testing ---- leaf: 700, gauss number: 7000 <<<-------
step1.train triphone model ...
step2.make graph...
step3.decode...
step4.scoring...
local/score_words.sh data/test_words exp/word/tri_7000.700/graph exp/word/tri_7000.700/decode_test
local/score_words.sh: scoring with word insertion penalty=0.0,0.5,1.0
step5.generate WER...
%WER 47.22 [ 739 / 1565, 86 ins, 90 del, 563 sub ] exp/word/tri_7000.700/decode_test/wer_11_1.0
---->>> finishing test cycle, delete exp/word/tri_7000.700...
----->>> testing ---- leaf: 700, gauss number: 7700 <<<-------
step1.train triphone model ...
step2.make graph...
step3.decode...
step4.scoring...
local/score_words.sh data/test_words exp/word/tri_7700.700/graph exp/word/tri_7700.700/decode_test
local/score_words.sh: scoring with word insertion penalty=0.0,0.5,1.0
step5.generate WER...
%WER 48.63 [ 761 / 1565, 103 ins, 91 del, 567 sub ] exp/word/tri_7700.700/decode_test/wer_12_0.5
---->>> finishing test cycle, delete exp/word/tri_7700.700...
----->>> testing ---- leaf: 700, gauss number: 8400 <<<-------
step1.train triphone model ...
step2.make graph...
step3.decode...
step4.scoring...
local/score_words.sh data/test_words exp/word/tri_8400.700/graph exp/word/tri_8400.700/decode_test
local/score_words.sh: scoring with word insertion penalty=0.0,0.5,1.0
step5.generate WER...
%WER 47.54 [ 744 / 1565, 75 ins, 100 del, 569 sub ] exp/word/tri_8400.700/decode_test/wer_13_1.0
---->>> finishing test cycle, delete exp/word/tri_8400.700...
----->>> testing ---- leaf: 700, gauss number: 9100 <<<-------
step1.train triphone model ...
step2.make graph...
step3.decode...
step4.scoring...
local/score_words.sh data/test_words exp/word/tri_9100.700/graph exp/word/tri_9100.700/decode_test
local/score_words.sh: scoring with word insertion penalty=0.0,0.5,1.0
step5.generate WER...
%WER 47.67 [ 746 / 1565, 96 ins, 92 del, 558 sub ] exp/word/tri_9100.700/decode_test/wer_11_1.0
---->>> finishing test cycle, delete exp/word/tri_9100.700...
----->>> testing ---- leaf: 700, gauss number: 9800 <<<-------
step1.train triphone model ...
step2.make graph...
step3.decode...
step4.scoring...
local/score_words.sh data/test_words exp/word/tri_9800.700/graph exp/word/tri_9800.700/decode_test
local/score_words.sh: scoring with word insertion penalty=0.0,0.5,1.0
step5.generate WER...
%WER 48.43 [ 758 / 1565, 113 ins, 77 del, 568 sub ] exp/word/tri_9800.700/decode_test/wer_12_0.5
---->>> finishing test cycle, delete exp/word/tri_9800.700...
----->>> testing ---- leaf: 700, gauss number: 10500 <<<-------
step1.train triphone model ...
step2.make graph...
step3.decode...
step4.scoring...
local/score_words.sh data/test_words exp/word/tri_10500.700/graph exp/word/tri_10500.700/decode_test
local/score_words.sh: scoring with word insertion penalty=0.0,0.5,1.0
step5.generate WER...
%WER 46.84 [ 733 / 1565, 87 ins, 86 del, 560 sub ] exp/word/tri_10500.700/decode_test/wer_12_1.0
---->>> finishing test cycle, delete exp/word/tri_10500.700...
----->>> testing ---- leaf: 700, gauss number: 11200 <<<-------
step1.train triphone model ...
step2.make graph...
step3.decode...
step4.scoring...
local/score_words.sh data/test_words exp/word/tri_11200.700/graph exp/word/tri_11200.700/decode_test
local/score_words.sh: scoring with word insertion penalty=0.0,0.5,1.0
step5.generate WER...
%WER 47.48 [ 743 / 1565, 94 ins, 87 del, 562 sub ] exp/word/tri_11200.700/decode_test/wer_11_1.0
---->>> finishing test cycle, delete exp/word/tri_11200.700...
----->>> testing ---- leaf: 700, gauss number: 11900 <<<-------
step1.train triphone model ...
step2.make graph...
step3.decode...
step4.scoring...
local/score_words.sh data/test_words exp/word/tri_11900.700/graph exp/word/tri_11900.700/decode_test
local/score_words.sh: scoring with word insertion penalty=0.0,0.5,1.0
step5.generate WER...
%WER 46.52 [ 728 / 1565, 102 ins, 74 del, 552 sub ] exp/word/tri_11900.700/decode_test/wer_10_1.0
---->>> finishing test cycle, delete exp/word/tri_11900.700...
----->>> testing ---- leaf: 700, gauss number: 12600 <<<-------
step1.train triphone model ...
step2.make graph...
step3.decode...
step4.scoring...
local/score_words.sh data/test_words exp/word/tri_12600.700/graph exp/word/tri_12600.700/decode_test
local/score_words.sh: scoring with word insertion penalty=0.0,0.5,1.0
step5.generate WER...
%WER 47.54 [ 744 / 1565, 99 ins, 82 del, 563 sub ] exp/word/tri_12600.700/decode_test/wer_11_1.0
---->>> finishing test cycle, delete exp/word/tri_12600.700...
----->>> testing ---- leaf: 700, gauss number: 13300 <<<-------
step1.train triphone model ...
step2.make graph...
step3.decode...
step4.scoring...
local/score_words.sh data/test_words exp/word/tri_13300.700/graph exp/word/tri_13300.700/decode_test
local/score_words.sh: scoring with word insertion penalty=0.0,0.5,1.0
step5.generate WER...
%WER 47.67 [ 746 / 1565, 94 ins, 92 del, 560 sub ] exp/word/tri_13300.700/decode_test/wer_12_1.0
---->>> finishing test cycle, delete exp/word/tri_13300.700...
----->>> testing ---- leaf: 700, gauss number: 14000 <<<-------
step1.train triphone model ...
step2.make graph...
step3.decode...
step4.scoring...
local/score_words.sh data/test_words exp/word/tri_14000.700/graph exp/word/tri_14000.700/decode_test
local/score_words.sh: scoring with word insertion penalty=0.0,0.5,1.0
step5.generate WER...
%WER 47.60 [ 745 / 1565, 96 ins, 86 del, 563 sub ] exp/word/tri_14000.700/decode_test/wer_11_1.0
---->>> finishing test cycle, delete exp/word/tri_14000.700...
----->>> testing ---- leaf: 750, gauss number: 750 <<<-------
step1.train triphone model ...
step2.make graph...
step3.decode...
step4.scoring...
local/score_words.sh data/test_words exp/word/tri_750.750/graph exp/word/tri_750.750/decode_test
local/score_words.sh: scoring with word insertion penalty=0.0,0.5,1.0
step5.generate WER...
%WER 57.64 [ 902 / 1565, 81 ins, 122 del, 699 sub ] exp/word/tri_750.750/decode_test/wer_12_1.0
---->>> finishing test cycle, delete exp/word/tri_750.750...
----->>> testing ---- leaf: 750, gauss number: 1500 <<<-------
step1.train triphone model ...
step2.make graph...
step3.decode...
step4.scoring...
local/score_words.sh data/test_words exp/word/tri_1500.750/graph exp/word/tri_1500.750/decode_test
local/score_words.sh: scoring with word insertion penalty=0.0,0.5,1.0
step5.generate WER...
%WER 53.29 [ 834 / 1565, 115 ins, 86 del, 633 sub ] exp/word/tri_1500.750/decode_test/wer_10_0.5
---->>> finishing test cycle, delete exp/word/tri_1500.750...
----->>> testing ---- leaf: 750, gauss number: 2250 <<<-------
step1.train triphone model ...
step2.make graph...
step3.decode...
step4.scoring...
local/score_words.sh data/test_words exp/word/tri_2250.750/graph exp/word/tri_2250.750/decode_test
local/score_words.sh: scoring with word insertion penalty=0.0,0.5,1.0
step5.generate WER...
%WER 50.73 [ 794 / 1565, 90 ins, 93 del, 611 sub ] exp/word/tri_2250.750/decode_test/wer_12_0.5
---->>> finishing test cycle, delete exp/word/tri_2250.750...
----->>> testing ---- leaf: 750, gauss number: 3000 <<<-------
step1.train triphone model ...
step2.make graph...
step3.decode...
step4.scoring...
local/score_words.sh data/test_words exp/word/tri_3000.750/graph exp/word/tri_3000.750/decode_test
local/score_words.sh: scoring with word insertion penalty=0.0,0.5,1.0
step5.generate WER...
%WER 50.42 [ 789 / 1565, 122 ins, 64 del, 603 sub ] exp/word/tri_3000.750/decode_test/wer_11_0.0
---->>> finishing test cycle, delete exp/word/tri_3000.750...
----->>> testing ---- leaf: 750, gauss number: 3750 <<<-------
step1.train triphone model ...
step2.make graph...
step3.decode...
step4.scoring...
local/score_words.sh data/test_words exp/word/tri_3750.750/graph exp/word/tri_3750.750/decode_test
local/score_words.sh: scoring with word insertion penalty=0.0,0.5,1.0
step5.generate WER...
%WER 50.67 [ 793 / 1565, 91 ins, 99 del, 603 sub ] exp/word/tri_3750.750/decode_test/wer_13_0.5
---->>> finishing test cycle, delete exp/word/tri_3750.750...
----->>> testing ---- leaf: 750, gauss number: 4500 <<<-------
step1.train triphone model ...
step2.make graph...
step3.decode...
step4.scoring...
local/score_words.sh data/test_words exp/word/tri_4500.750/graph exp/word/tri_4500.750/decode_test
local/score_words.sh: scoring with word insertion penalty=0.0,0.5,1.0
step5.generate WER...
%WER 49.46 [ 774 / 1565, 94 ins, 80 del, 600 sub ] exp/word/tri_4500.750/decode_test/wer_10_1.0
---->>> finishing test cycle, delete exp/word/tri_4500.750...
----->>> testing ---- leaf: 750, gauss number: 5250 <<<-------
step1.train triphone model ...
step2.make graph...
step3.decode...
step4.scoring...
local/score_words.sh data/test_words exp/word/tri_5250.750/graph exp/word/tri_5250.750/decode_test
local/score_words.sh: scoring with word insertion penalty=0.0,0.5,1.0
step5.generate WER...
%WER 49.90 [ 781 / 1565, 106 ins, 85 del, 590 sub ] exp/word/tri_5250.750/decode_test/wer_10_1.0
---->>> finishing test cycle, delete exp/word/tri_5250.750...
----->>> testing ---- leaf: 750, gauss number: 6000 <<<-------
step1.train triphone model ...
step2.make graph...
step3.decode...
step4.scoring...
local/score_words.sh data/test_words exp/word/tri_6000.750/graph exp/word/tri_6000.750/decode_test
local/score_words.sh: scoring with word insertion penalty=0.0,0.5,1.0
step5.generate WER...
%WER 48.69 [ 762 / 1565, 107 ins, 79 del, 576 sub ] exp/word/tri_6000.750/decode_test/wer_11_0.5
---->>> finishing test cycle, delete exp/word/tri_6000.750...
----->>> testing ---- leaf: 750, gauss number: 6750 <<<-------
step1.train triphone model ...
step2.make graph...
step3.decode...
step4.scoring...
local/score_words.sh data/test_words exp/word/tri_6750.750/graph exp/word/tri_6750.750/decode_test
local/score_words.sh: scoring with word insertion penalty=0.0,0.5,1.0
step5.generate WER...
%WER 47.92 [ 750 / 1565, 97 ins, 86 del, 567 sub ] exp/word/tri_6750.750/decode_test/wer_11_1.0
---->>> finishing test cycle, delete exp/word/tri_6750.750...
----->>> testing ---- leaf: 750, gauss number: 7500 <<<-------
step1.train triphone model ...
step2.make graph...
step3.decode...
step4.scoring...
local/score_words.sh data/test_words exp/word/tri_7500.750/graph exp/word/tri_7500.750/decode_test
local/score_words.sh: scoring with word insertion penalty=0.0,0.5,1.0
step5.generate WER...
%WER 47.73 [ 747 / 1565, 87 ins, 104 del, 556 sub ] exp/word/tri_7500.750/decode_test/wer_13_1.0
---->>> finishing test cycle, delete exp/word/tri_7500.750...
----->>> testing ---- leaf: 750, gauss number: 8250 <<<-------
step1.train triphone model ...
step2.make graph...
step3.decode...
step4.scoring...
local/score_words.sh data/test_words exp/word/tri_8250.750/graph exp/word/tri_8250.750/decode_test
local/score_words.sh: scoring with word insertion penalty=0.0,0.5,1.0
step5.generate WER...
%WER 48.43 [ 758 / 1565, 105 ins, 93 del, 560 sub ] exp/word/tri_8250.750/decode_test/wer_11_1.0
---->>> finishing test cycle, delete exp/word/tri_8250.750...
----->>> testing ---- leaf: 750, gauss number: 9000 <<<-------
step1.train triphone model ...
